# JRE version: Java(TM) SE Runtime Environment (8.0_91-b15) (build 1.8.0_91-b15)
# Java VM: Java HotSpot(TM) 64-Bit Server VM (25.91-b15 mixed mode windows-amd64 compressed oops)
Heap:
 PSYoungGen      total 524288K, used 10686K [0x0000000780700000, 0x00000007a2500000, 0x00000007c0000000)
  eden space 495104K, 2% used [0x0000000780700000,0x000000078116f818,0x000000079ea80000)
  from space 29184K, 0% used [0x00000007a0780000,0x00000007a0780000,0x00000007a2400000)
  to   space 29696K, 0% used [0x000000079ea80000,0x000000079ea80000,0x00000007a0780000)
 ParOldGen       total 210944K, used 75131K [0x0000000701400000, 0x000000070e200000, 0x0000000780700000)
  object space 210944K, 35% used [0x0000000701400000,0x0000000705d5ed30,0x000000070e200000)
 Metaspace       used 74276K, capacity 75704K, committed 75952K, reserved 1116160K
  class space    used 8671K, capacity 9025K, committed 9136K, reserved 1048576K
GC Heap History (10 events):
Event: 323.465 GC heap before
{Heap before GC invocations=19 (full 4):
 PSYoungGen      total 440832K, used 6645K [0x0000000780700000, 0x000000079e100000, 0x00000007c0000000)
  eden space 434176K, 0% used [0x0000000780700000,0x0000000780700000,0x000000079af00000)
  from space 6656K, 99% used [0x000000079b300000,0x000000079b97d7d0,0x000000079b980000)
  to   space 25600K, 0% used [0x000000079c800000,0x000000079c800000,0x000000079e100000)
 ParOldGen       total 210944K, used 54034K [0x0000000701400000, 0x000000070e200000, 0x0000000780700000)
  object space 210944K, 25% used [0x0000000701400000,0x00000007048c4af0,0x000000070e200000)
 Metaspace       used 69268K, capacity 70306K, committed 70448K, reserved 1112064K
  class space    used 8416K, capacity 8652K, committed 8752K, reserved 1048576K
Event: 323.859 GC heap after
Heap after GC invocations=19 (full 4):
 PSYoungGen      total 440832K, used 0K [0x0000000780700000, 0x000000079e100000, 0x00000007c0000000)
  eden space 434176K, 0% used [0x0000000780700000,0x0000000780700000,0x000000079af00000)
  from space 6656K, 0% used [0x000000079b300000,0x000000079b300000,0x000000079b980000)
  to   space 25600K, 0% used [0x000000079c800000,0x000000079c800000,0x000000079e100000)
 ParOldGen       total 210944K, used 54408K [0x0000000701400000, 0x000000070e200000, 0x0000000780700000)
  object space 210944K, 25% used [0x0000000701400000,0x0000000704922298,0x000000070e200000)
 Metaspace       used 69268K, capacity 70306K, committed 70448K, reserved 1112064K
  class space    used 8416K, capacity 8652K, committed 8752K, reserved 1048576K
}
Event: 326.689 GC heap before
{Heap before GC invocations=20 (full 4):
 PSYoungGen      total 440832K, used 434176K [0x0000000780700000, 0x000000079e100000, 0x00000007c0000000)
  eden space 434176K, 100% used [0x0000000780700000,0x000000079af00000,0x000000079af00000)
  from space 6656K, 0% used [0x000000079b300000,0x000000079b300000,0x000000079b980000)
  to   space 25600K, 0% used [0x000000079c800000,0x000000079c800000,0x000000079e100000)
 ParOldGen       total 210944K, used 54408K [0x0000000701400000, 0x000000070e200000, 0x0000000780700000)
  object space 210944K, 25% used [0x0000000701400000,0x0000000704922298,0x000000070e200000)
 Metaspace       used 70926K, capacity 72048K, committed 72368K, reserved 1112064K
  class space    used 8522K, capacity 8809K, committed 8880K, reserved 1048576K
Event: 326.706 GC heap after
Heap after GC invocations=20 (full 4):
 PSYoungGen      total 460800K, used 11299K [0x0000000780700000, 0x00000007a2580000, 0x00000007c0000000)
  eden space 435200K, 0% used [0x0000000780700000,0x0000000780700000,0x000000079b000000)
  from space 25600K, 44% used [0x000000079c800000,0x000000079d308ec0,0x000000079e100000)
  to   space 24576K, 0% used [0x000000079b000000,0x000000079b000000,0x000000079c800000)
 ParOldGen       total 210944K, used 54416K [0x0000000701400000, 0x000000070e200000, 0x0000000780700000)
  object space 210944K, 25% used [0x0000000701400000,0x0000000704924298,0x000000070e200000)
 Metaspace       used 70926K, capacity 72048K, committed 72368K, reserved 1112064K
  class space    used 8522K, capacity 8809K, committed 8880K, reserved 1048576K
}
Event: 347.157 GC heap before
{Heap before GC invocations=21 (full 4):
 PSYoungGen      total 460800K, used 446499K [0x0000000780700000, 0x00000007a2580000, 0x00000007c0000000)
  eden space 435200K, 100% used [0x0000000780700000,0x000000079b000000,0x000000079b000000)
  from space 25600K, 44% used [0x000000079c800000,0x000000079d308ec0,0x000000079e100000)
  to   space 24576K, 0% used [0x000000079b000000,0x000000079b000000,0x000000079c800000)
 ParOldGen       total 210944K, used 54416K [0x0000000701400000, 0x000000070e200000, 0x0000000780700000)
  object space 210944K, 25% used [0x0000000701400000,0x0000000704924298,0x000000070e200000)
 Metaspace       used 73246K, capacity 74434K, committed 74800K, reserved 1116160K
  class space    used 8610K, capacity 8886K, committed 9008K, reserved 1048576K
Event: 347.181 GC heap after
Heap after GC invocations=21 (full 4):
 PSYoungGen      total 459776K, used 24560K [0x0000000780700000, 0x00000007a2400000, 0x00000007c0000000)
  eden space 435200K, 0% used [0x0000000780700000,0x0000000780700000,0x000000079b000000)
  from space 24576K, 99% used [0x000000079b000000,0x000000079c7fc080,0x000000079c800000)
  to   space 29184K, 0% used [0x00000007a0780000,0x00000007a0780000,0x00000007a2400000)
 ParOldGen       total 210944K, used 57590K [0x0000000701400000, 0x000000070e200000, 0x0000000780700000)
  object space 210944K, 27% used [0x0000000701400000,0x0000000704c3da20,0x000000070e200000)
 Metaspace       used 73246K, capacity 74434K, committed 74800K, reserved 1116160K
  class space    used 8610K, capacity 8886K, committed 9008K, reserved 1048576K
}
Event: 482.062 GC heap before
{Heap before GC invocations=22 (full 4):
 PSYoungGen      total 459776K, used 299204K [0x0000000780700000, 0x00000007a2400000, 0x00000007c0000000)
  eden space 435200K, 63% used [0x0000000780700000,0x0000000791335108,0x000000079b000000)
  from space 24576K, 99% used [0x000000079b000000,0x000000079c7fc080,0x000000079c800000)
  to   space 29184K, 0% used [0x00000007a0780000,0x00000007a0780000,0x00000007a2400000)
 ParOldGen       total 210944K, used 57590K [0x0000000701400000, 0x000000070e200000, 0x0000000780700000)
  object space 210944K, 27% used [0x0000000701400000,0x0000000704c3da20,0x000000070e200000)
 Metaspace       used 74272K, capacity 75704K, committed 75952K, reserved 1116160K
  class space    used 8671K, capacity 9024K, committed 9136K, reserved 1048576K
Event: 482.075 GC heap after
Heap after GC invocations=22 (full 4):
 PSYoungGen      total 524288K, used 20017K [0x0000000780700000, 0x00000007a2500000, 0x00000007c0000000)
  eden space 495104K, 0% used [0x0000000780700000,0x0000000780700000,0x000000079ea80000)
  from space 29184K, 68% used [0x00000007a0780000,0x00000007a1b0c6c0,0x00000007a2400000)
  to   space 29696K, 0% used [0x000000079ea80000,0x000000079ea80000,0x00000007a0780000)
 ParOldGen       total 210944K, used 57598K [0x0000000701400000, 0x000000070e200000, 0x0000000780700000)
  object space 210944K, 27% used [0x0000000701400000,0x0000000704c3fa20,0x000000070e200000)
 Metaspace       used 74272K, capacity 75704K, committed 75952K, reserved 1116160K
  class space    used 8671K, capacity 9024K, committed 9136K, reserved 1048576K
}
Event: 482.075 GC heap before
{Heap before GC invocations=23 (full 5):
 PSYoungGen      total 524288K, used 20017K [0x0000000780700000, 0x00000007a2500000, 0x00000007c0000000)
  eden space 495104K, 0% used [0x0000000780700000,0x0000000780700000,0x000000079ea80000)
  from space 29184K, 68% used [0x00000007a0780000,0x00000007a1b0c6c0,0x00000007a2400000)
  to   space 29696K, 0% used [0x000000079ea80000,0x000000079ea80000,0x00000007a0780000)
 ParOldGen       total 210944K, used 57598K [0x0000000701400000, 0x000000070e200000, 0x0000000780700000)
  object space 210944K, 27% used [0x0000000701400000,0x0000000704c3fa20,0x000000070e200000)
 Metaspace       used 74272K, capacity 75704K, committed 75952K, reserved 1116160K
  class space    used 8671K, capacity 9024K, committed 9136K, reserved 1048576K
Event: 482.553 GC heap after
Heap after GC invocations=23 (full 5):
 PSYoungGen      total 524288K, used 0K [0x0000000780700000, 0x00000007a2500000, 0x00000007c0000000)
  eden space 495104K, 0% used [0x0000000780700000,0x0000000780700000,0x000000079ea80000)
  from space 29184K, 0% used [0x00000007a0780000,0x00000007a0780000,0x00000007a2400000)
  to   space 29696K, 0% used [0x000000079ea80000,0x000000079ea80000,0x00000007a0780000)
 ParOldGen       total 210944K, used 75131K [0x0000000701400000, 0x000000070e200000, 0x0000000780700000)
  object space 210944K, 35% used [0x0000000701400000,0x0000000705d5ed30,0x000000070e200000)
 Metaspace       used 74268K, capacity 75698K, committed 75952K, reserved 1116160K
  class space    used 8671K, capacity 9023K, committed 9136K, reserved 1048576K
}

