# JRE version: Java(TM) SE Runtime Environment (8.0_91-b15) (build 1.8.0_91-b15)
# Java VM: Java HotSpot(TM) 64-Bit Server VM (25.91-b15 mixed mode windows-amd64 compressed oops)
Heap:
 PSYoungGen      total 486400K, used 1608K [0x0000000780700000, 0x00000007a2000000, 0x00000007c0000000)
  eden space 433664K, 0% used [0x0000000780700000,0x00000007808922e8,0x000000079ae80000)
  from space 52736K, 0% used [0x000000079e580000,0x000000079e580000,0x00000007a1900000)
  to   space 56320K, 0% used [0x000000079ae80000,0x000000079ae80000,0x000000079e580000)
 ParOldGen       total 269824K, used 150197K [0x0000000701400000, 0x0000000711b80000, 0x0000000780700000)
  object space 269824K, 55% used [0x0000000701400000,0x000000070a6ad730,0x0000000711b80000)
 Metaspace       used 107880K, capacity 111586K, committed 112000K, reserved 1148928K
  class space    used 11587K, capacity 12328K, committed 12416K, reserved 1048576K
GC Heap History (10 events):
Event: 5943.262 GC heap before
{Heap before GC invocations=41 (full 8):
 PSYoungGen      total 444416K, used 15114K [0x0000000780700000, 0x00000007a1000000, 0x00000007c0000000)
  eden space 429056K, 0% used [0x0000000780700000,0x0000000780700000,0x000000079aa00000)
  from space 15360K, 98% used [0x000000079aa00000,0x000000079b8c29a0,0x000000079b900000)
  to   space 52224K, 0% used [0x000000079dd00000,0x000000079dd00000,0x00000007a1000000)
 ParOldGen       total 269824K, used 137650K [0x0000000701400000, 0x0000000711b80000, 0x0000000780700000)
  object space 269824K, 51% used [0x0000000701400000,0x0000000709a6c838,0x0000000711b80000)
 Metaspace       used 99301K, capacity 103212K, committed 103424K, reserved 1140736K
  class space    used 10892K, capacity 11682K, committed 11776K, reserved 1048576K
Event: 5943.692 GC heap after
Heap after GC invocations=41 (full 8):
 PSYoungGen      total 444416K, used 0K [0x0000000780700000, 0x00000007a1000000, 0x00000007c0000000)
  eden space 429056K, 0% used [0x0000000780700000,0x0000000780700000,0x000000079aa00000)
  from space 15360K, 0% used [0x000000079aa00000,0x000000079aa00000,0x000000079b900000)
  to   space 52224K, 0% used [0x000000079dd00000,0x000000079dd00000,0x00000007a1000000)
 ParOldGen       total 269824K, used 110884K [0x0000000701400000, 0x0000000711b80000, 0x0000000780700000)
  object space 269824K, 41% used [0x0000000701400000,0x0000000708049380,0x0000000711b80000)
 Metaspace       used 98018K, capacity 100822K, committed 103424K, reserved 1140736K
  class space    used 10666K, capacity 11274K, committed 11776K, reserved 1048576K
}
Event: 5946.165 GC heap before
{Heap before GC invocations=42 (full 8):
 PSYoungGen      total 444416K, used 429056K [0x0000000780700000, 0x00000007a1000000, 0x00000007c0000000)
  eden space 429056K, 100% used [0x0000000780700000,0x000000079aa00000,0x000000079aa00000)
  from space 15360K, 0% used [0x000000079aa00000,0x000000079aa00000,0x000000079b900000)
  to   space 52224K, 0% used [0x000000079dd00000,0x000000079dd00000,0x00000007a1000000)
 ParOldGen       total 269824K, used 110884K [0x0000000701400000, 0x0000000711b80000, 0x0000000780700000)
  object space 269824K, 41% used [0x0000000701400000,0x0000000708049380,0x0000000711b80000)
 Metaspace       used 99546K, capacity 102586K, committed 104832K, reserved 1142784K
  class space    used 10784K, capacity 11428K, committed 11904K, reserved 1048576K
Event: 5946.176 GC heap after
Heap after GC invocations=42 (full 8):
 PSYoungGen      total 481280K, used 10979K [0x0000000780700000, 0x00000007a1780000, 0x00000007c0000000)
  eden space 429056K, 0% used [0x0000000780700000,0x0000000780700000,0x000000079aa00000)
  from space 52224K, 21% used [0x000000079dd00000,0x000000079e7b8e78,0x00000007a1000000)
  to   space 52224K, 0% used [0x000000079aa00000,0x000000079aa00000,0x000000079dd00000)
 ParOldGen       total 269824K, used 110892K [0x0000000701400000, 0x0000000711b80000, 0x0000000780700000)
  object space 269824K, 41% used [0x0000000701400000,0x000000070804b380,0x0000000711b80000)
 Metaspace       used 99546K, capacity 102586K, committed 104832K, reserved 1142784K
  class space    used 10784K, capacity 11428K, committed 11904K, reserved 1048576K
}
Event: 5954.820 GC heap before
{Heap before GC invocations=43 (full 8):
 PSYoungGen      total 481280K, used 440035K [0x0000000780700000, 0x00000007a1780000, 0x00000007c0000000)
  eden space 429056K, 100% used [0x0000000780700000,0x000000079aa00000,0x000000079aa00000)
  from space 52224K, 21% used [0x000000079dd00000,0x000000079e7b8e78,0x00000007a1000000)
  to   space 52224K, 0% used [0x000000079aa00000,0x000000079aa00000,0x000000079dd00000)
 ParOldGen       total 269824K, used 110892K [0x0000000701400000, 0x0000000711b80000, 0x0000000780700000)
  object space 269824K, 41% used [0x0000000701400000,0x000000070804b380,0x0000000711b80000)
 Metaspace       used 101795K, capacity 104972K, committed 106880K, reserved 1144832K
  class space    used 10898K, capacity 11575K, committed 11904K, reserved 1048576K
Event: 5954.843 GC heap after
Heap after GC invocations=43 (full 8):
 PSYoungGen      total 481280K, used 33011K [0x0000000780700000, 0x00000007a1900000, 0x00000007c0000000)
  eden space 429056K, 0% used [0x0000000780700000,0x0000000780700000,0x000000079aa00000)
  from space 52224K, 63% used [0x000000079aa00000,0x000000079ca3cdb0,0x000000079dd00000)
  to   space 52736K, 0% used [0x000000079e580000,0x000000079e580000,0x00000007a1900000)
 ParOldGen       total 269824K, used 110900K [0x0000000701400000, 0x0000000711b80000, 0x0000000780700000)
  object space 269824K, 41% used [0x0000000701400000,0x000000070804d380,0x0000000711b80000)
 Metaspace       used 101795K, capacity 104972K, committed 106880K, reserved 1144832K
  class space    used 10898K, capacity 11575K, committed 11904K, reserved 1048576K
}
Event: 6021.779 GC heap before
{Heap before GC invocations=44 (full 8):
 PSYoungGen      total 481280K, used 399672K [0x0000000780700000, 0x00000007a1900000, 0x00000007c0000000)
  eden space 429056K, 85% used [0x0000000780700000,0x0000000796d11338,0x000000079aa00000)
  from space 52224K, 63% used [0x000000079aa00000,0x000000079ca3cdb0,0x000000079dd00000)
  to   space 52736K, 0% used [0x000000079e580000,0x000000079e580000,0x00000007a1900000)
 ParOldGen       total 269824K, used 110900K [0x0000000701400000, 0x0000000711b80000, 0x0000000780700000)
  object space 269824K, 41% used [0x0000000701400000,0x000000070804d380,0x0000000711b80000)
 Metaspace       used 107883K, capacity 111598K, committed 112000K, reserved 1148928K
  class space    used 11587K, capacity 12330K, committed 12416K, reserved 1048576K
Event: 6021.806 GC heap after
Heap after GC invocations=44 (full 8):
 PSYoungGen      total 486400K, used 41724K [0x0000000780700000, 0x00000007a2000000, 0x00000007c0000000)
  eden space 433664K, 0% used [0x0000000780700000,0x0000000780700000,0x000000079ae80000)
  from space 52736K, 79% used [0x000000079e580000,0x00000007a0e3f380,0x00000007a1900000)
  to   space 56320K, 0% used [0x000000079ae80000,0x000000079ae80000,0x000000079e580000)
 ParOldGen       total 269824K, used 110916K [0x0000000701400000, 0x0000000711b80000, 0x0000000780700000)
  object space 269824K, 41% used [0x0000000701400000,0x0000000708051380,0x0000000711b80000)
 Metaspace       used 107883K, capacity 111598K, committed 112000K, reserved 1148928K
  class space    used 11587K, capacity 12330K, committed 12416K, reserved 1048576K
}
Event: 6021.806 GC heap before
{Heap before GC invocations=45 (full 9):
 PSYoungGen      total 486400K, used 41724K [0x0000000780700000, 0x00000007a2000000, 0x00000007c0000000)
  eden space 433664K, 0% used [0x0000000780700000,0x0000000780700000,0x000000079ae80000)
  from space 52736K, 79% used [0x000000079e580000,0x00000007a0e3f380,0x00000007a1900000)
  to   space 56320K, 0% used [0x000000079ae80000,0x000000079ae80000,0x000000079e580000)
 ParOldGen       total 269824K, used 110916K [0x0000000701400000, 0x0000000711b80000, 0x0000000780700000)
  object space 269824K, 41% used [0x0000000701400000,0x0000000708051380,0x0000000711b80000)
 Metaspace       used 107883K, capacity 111598K, committed 112000K, reserved 1148928K
  class space    used 11587K, capacity 12330K, committed 12416K, reserved 1048576K
Event: 6023.242 GC heap after
Heap after GC invocations=45 (full 9):
 PSYoungGen      total 486400K, used 0K [0x0000000780700000, 0x00000007a2000000, 0x00000007c0000000)
  eden space 433664K, 0% used [0x0000000780700000,0x0000000780700000,0x000000079ae80000)
  from space 52736K, 0% used [0x000000079e580000,0x000000079e580000,0x00000007a1900000)
  to   space 56320K, 0% used [0x000000079ae80000,0x000000079ae80000,0x000000079e580000)
 ParOldGen       total 269824K, used 150197K [0x0000000701400000, 0x0000000711b80000, 0x0000000780700000)
  object space 269824K, 55% used [0x0000000701400000,0x000000070a6ad730,0x0000000711b80000)
 Metaspace       used 107876K, capacity 111586K, committed 112000K, reserved 1148928K
  class space    used 11586K, capacity 12328K, committed 12416K, reserved 1048576K
}

