# JRE version: Java(TM) SE Runtime Environment (8.0_91-b15) (build 1.8.0_91-b15)
# Java VM: Java HotSpot(TM) 64-Bit Server VM (25.91-b15 mixed mode windows-amd64 compressed oops)
Heap:
 PSYoungGen      total 900096K, used 5977K [0x0000000780700000, 0x00000007bad00000, 0x00000007c0000000)
  eden space 860672K, 0% used [0x0000000780700000,0x0000000780cd6658,0x00000007b4f80000)
  from space 39424K, 0% used [0x00000007b7b80000,0x00000007b7b80000,0x00000007ba200000)
  to   space 45056K, 0% used [0x00000007b4f80000,0x00000007b4f80000,0x00000007b7b80000)
 ParOldGen       total 194048K, used 128142K [0x0000000701400000, 0x000000070d180000, 0x0000000780700000)
  object space 194048K, 66% used [0x0000000701400000,0x0000000709123980,0x000000070d180000)
 Metaspace       used 89199K, capacity 92022K, committed 92160K, reserved 1130496K
  class space    used 10057K, capacity 10674K, committed 10752K, reserved 1048576K
GC Heap History (10 events):
Event: 1001.667 GC heap before
{Heap before GC invocations=23 (full 5):
 PSYoungGen      total 616448K, used 464351K [0x0000000780700000, 0x00000007b0880000, 0x00000007c0000000)
  eden space 579584K, 76% used [0x0000000780700000,0x000000079b96cab0,0x00000007a3d00000)
  from space 36864K, 52% used [0x00000007a3d00000,0x00000007a500b538,0x00000007a6100000)
  to   space 36352K, 0% used [0x00000007ae500000,0x00000007ae500000,0x00000007b0880000)
 ParOldGen       total 194048K, used 73044K [0x0000000701400000, 0x000000070d180000, 0x0000000780700000)
  object space 194048K, 37% used [0x0000000701400000,0x0000000705b550e0,0x000000070d180000)
 Metaspace       used 76717K, capacity 79046K, committed 79360K, reserved 1120256K
  class space    used 8643K, capacity 9153K, committed 9216K, reserved 1048576K
Event: 1001.688 GC heap after
Heap after GC invocations=23 (full 5):
 PSYoungGen      total 750592K, used 23310K [0x0000000780700000, 0x00000007b0a80000, 0x00000007c0000000)
  eden space 714240K, 0% used [0x0000000780700000,0x0000000780700000,0x00000007ac080000)
  from space 36352K, 64% used [0x00000007ae500000,0x00000007afbc3978,0x00000007b0880000)
  to   space 37376K, 0% used [0x00000007ac080000,0x00000007ac080000,0x00000007ae500000)
 ParOldGen       total 194048K, used 73052K [0x0000000701400000, 0x000000070d180000, 0x0000000780700000)
  object space 194048K, 37% used [0x0000000701400000,0x0000000705b570e0,0x000000070d180000)
 Metaspace       used 76717K, capacity 79046K, committed 79360K, reserved 1120256K
  class space    used 8643K, capacity 9153K, committed 9216K, reserved 1048576K
}
Event: 1001.688 GC heap before
{Heap before GC invocations=24 (full 6):
 PSYoungGen      total 750592K, used 23310K [0x0000000780700000, 0x00000007b0a80000, 0x00000007c0000000)
  eden space 714240K, 0% used [0x0000000780700000,0x0000000780700000,0x00000007ac080000)
  from space 36352K, 64% used [0x00000007ae500000,0x00000007afbc3978,0x00000007b0880000)
  to   space 37376K, 0% used [0x00000007ac080000,0x00000007ac080000,0x00000007ae500000)
 ParOldGen       total 194048K, used 73052K [0x0000000701400000, 0x000000070d180000, 0x0000000780700000)
  object space 194048K, 37% used [0x0000000701400000,0x0000000705b570e0,0x000000070d180000)
 Metaspace       used 76717K, capacity 79046K, committed 79360K, reserved 1120256K
  class space    used 8643K, capacity 9153K, committed 9216K, reserved 1048576K
Event: 1002.083 GC heap after
Heap after GC invocations=24 (full 6):
 PSYoungGen      total 750592K, used 0K [0x0000000780700000, 0x00000007b0a80000, 0x00000007c0000000)
  eden space 714240K, 0% used [0x0000000780700000,0x0000000780700000,0x00000007ac080000)
  from space 36352K, 0% used [0x00000007ae500000,0x00000007ae500000,0x00000007b0880000)
  to   space 37376K, 0% used [0x00000007ac080000,0x00000007ac080000,0x00000007ae500000)
 ParOldGen       total 194048K, used 93175K [0x0000000701400000, 0x000000070d180000, 0x0000000780700000)
  object space 194048K, 48% used [0x0000000701400000,0x0000000706efdca0,0x000000070d180000)
 Metaspace       used 76713K, capacity 79040K, committed 79360K, reserved 1120256K
  class space    used 8642K, capacity 9152K, committed 9216K, reserved 1048576K
}
Event: 1004.951 GC heap before
{Heap before GC invocations=25 (full 6):
 PSYoungGen      total 750592K, used 714240K [0x0000000780700000, 0x00000007b0a80000, 0x00000007c0000000)
  eden space 714240K, 100% used [0x0000000780700000,0x00000007ac080000,0x00000007ac080000)
  from space 36352K, 0% used [0x00000007ae500000,0x00000007ae500000,0x00000007b0880000)
  to   space 37376K, 0% used [0x00000007ac080000,0x00000007ac080000,0x00000007ae500000)
 ParOldGen       total 194048K, used 93175K [0x0000000701400000, 0x000000070d180000, 0x0000000780700000)
  object space 194048K, 48% used [0x0000000701400000,0x0000000706efdca0,0x000000070d180000)
 Metaspace       used 79325K, capacity 81686K, committed 81792K, reserved 1122304K
  class space    used 8782K, capacity 9309K, committed 9344K, reserved 1048576K
Event: 1004.979 GC heap after
Heap after GC invocations=25 (full 6):
 PSYoungGen      total 751616K, used 28713K [0x0000000780700000, 0x00000007ba200000, 0x00000007c0000000)
  eden space 714240K, 0% used [0x0000000780700000,0x0000000780700000,0x00000007ac080000)
  from space 37376K, 76% used [0x00000007ac080000,0x00000007adc8a6c8,0x00000007ae500000)
  to   space 39424K, 0% used [0x00000007b7b80000,0x00000007b7b80000,0x00000007ba200000)
 ParOldGen       total 194048K, used 93183K [0x0000000701400000, 0x000000070d180000, 0x0000000780700000)
  object space 194048K, 48% used [0x0000000701400000,0x0000000706effca0,0x000000070d180000)
 Metaspace       used 79325K, capacity 81686K, committed 81792K, reserved 1122304K
  class space    used 8782K, capacity 9309K, committed 9344K, reserved 1048576K
}
Event: 1097.657 GC heap before
{Heap before GC invocations=26 (full 6):
 PSYoungGen      total 751616K, used 493164K [0x0000000780700000, 0x00000007ba200000, 0x00000007c0000000)
  eden space 714240K, 65% used [0x0000000780700000,0x000000079cc90cb8,0x00000007ac080000)
  from space 37376K, 76% used [0x00000007ac080000,0x00000007adc8a6c8,0x00000007ae500000)
  to   space 39424K, 0% used [0x00000007b7b80000,0x00000007b7b80000,0x00000007ba200000)
 ParOldGen       total 194048K, used 93183K [0x0000000701400000, 0x000000070d180000, 0x0000000780700000)
  object space 194048K, 48% used [0x0000000701400000,0x0000000706effca0,0x000000070d180000)
 Metaspace       used 89203K, capacity 92028K, committed 92160K, reserved 1130496K
  class space    used 10057K, capacity 10675K, committed 10752K, reserved 1048576K
Event: 1097.686 GC heap after
Heap after GC invocations=26 (full 6):
 PSYoungGen      total 900096K, used 37564K [0x0000000780700000, 0x00000007bad00000, 0x00000007c0000000)
  eden space 860672K, 0% used [0x0000000780700000,0x0000000780700000,0x00000007b4f80000)
  from space 39424K, 95% used [0x00000007b7b80000,0x00000007ba02f198,0x00000007ba200000)
  to   space 45056K, 0% used [0x00000007b4f80000,0x00000007b4f80000,0x00000007b7b80000)
 ParOldGen       total 194048K, used 93191K [0x0000000701400000, 0x000000070d180000, 0x0000000780700000)
  object space 194048K, 48% used [0x0000000701400000,0x0000000706f01ca0,0x000000070d180000)
 Metaspace       used 89203K, capacity 92028K, committed 92160K, reserved 1130496K
  class space    used 10057K, capacity 10675K, committed 10752K, reserved 1048576K
}
Event: 1097.686 GC heap before
{Heap before GC invocations=27 (full 7):
 PSYoungGen      total 900096K, used 37564K [0x0000000780700000, 0x00000007bad00000, 0x00000007c0000000)
  eden space 860672K, 0% used [0x0000000780700000,0x0000000780700000,0x00000007b4f80000)
  from space 39424K, 95% used [0x00000007b7b80000,0x00000007ba02f198,0x00000007ba200000)
  to   space 45056K, 0% used [0x00000007b4f80000,0x00000007b4f80000,0x00000007b7b80000)
 ParOldGen       total 194048K, used 93191K [0x0000000701400000, 0x000000070d180000, 0x0000000780700000)
  object space 194048K, 48% used [0x0000000701400000,0x0000000706f01ca0,0x000000070d180000)
 Metaspace       used 89203K, capacity 92028K, committed 92160K, reserved 1130496K
  class space    used 10057K, capacity 10675K, committed 10752K, reserved 1048576K
Event: 1098.248 GC heap after
Heap after GC invocations=27 (full 7):
 PSYoungGen      total 900096K, used 0K [0x0000000780700000, 0x00000007bad00000, 0x00000007c0000000)
  eden space 860672K, 0% used [0x0000000780700000,0x0000000780700000,0x00000007b4f80000)
  from space 39424K, 0% used [0x00000007b7b80000,0x00000007b7b80000,0x00000007ba200000)
  to   space 45056K, 0% used [0x00000007b4f80000,0x00000007b4f80000,0x00000007b7b80000)
 ParOldGen       total 194048K, used 128142K [0x0000000701400000, 0x000000070d180000, 0x0000000780700000)
  object space 194048K, 66% used [0x0000000701400000,0x0000000709123980,0x000000070d180000)
 Metaspace       used 89199K, capacity 92022K, committed 92160K, reserved 1130496K
  class space    used 10057K, capacity 10674K, committed 10752K, reserved 1048576K
}

