# JRE version: Java(TM) SE Runtime Environment (8.0_91-b15) (build 1.8.0_91-b15)
# Java VM: Java HotSpot(TM) 64-Bit Server VM (25.91-b15 mixed mode windows-amd64 compressed oops)
Heap:
 PSYoungGen      total 687104K, used 5378K [0x0000000780700000, 0x00000007ad300000, 0x00000007c0000000)
  eden space 658432K, 0% used [0x0000000780700000,0x0000000780c40920,0x00000007a8a00000)
  from space 28672K, 0% used [0x00000007a8d80000,0x00000007a8d80000,0x00000007aa980000)
  to   space 37376K, 0% used [0x00000007aae80000,0x00000007aae80000,0x00000007ad300000)
 ParOldGen       total 218112K, used 80909K [0x0000000701400000, 0x000000070e900000, 0x0000000780700000)
  object space 218112K, 37% used [0x0000000701400000,0x0000000706303698,0x000000070e900000)
 Metaspace       used 75050K, capacity 76610K, committed 76840K, reserved 1118208K
  class space    used 8606K, capacity 8946K, committed 9008K, reserved 1048576K
GC Heap History (10 events):
Event: 51.242 GC heap before
{Heap before GC invocations=14 (full 3):
 PSYoungGen      total 570880K, used 345862K [0x0000000780700000, 0x00000007a6900000, 0x00000007c0000000)
  eden space 537600K, 64% used [0x0000000780700000,0x00000007958c1810,0x00000007a1400000)
  from space 33280K, 0% used [0x00000007a3800000,0x00000007a3800000,0x00000007a5880000)
  to   space 36864K, 0% used [0x00000007a1400000,0x00000007a1400000,0x00000007a3800000)
 ParOldGen       total 218112K, used 69438K [0x0000000701400000, 0x000000070e900000, 0x0000000780700000)
  object space 218112K, 31% used [0x0000000701400000,0x00000007057cfab0,0x000000070e900000)
 Metaspace       used 70016K, capacity 71176K, committed 71336K, reserved 1112064K
  class space    used 8346K, capacity 8612K, committed 8624K, reserved 1048576K
Event: 51.253 GC heap after
Heap after GC invocations=14 (full 3):
 PSYoungGen      total 574464K, used 12850K [0x0000000780700000, 0x00000007ae000000, 0x00000007c0000000)
  eden space 537600K, 0% used [0x0000000780700000,0x0000000780700000,0x00000007a1400000)
  from space 36864K, 34% used [0x00000007a1400000,0x00000007a208c930,0x00000007a3800000)
  to   space 35328K, 0% used [0x00000007abd80000,0x00000007abd80000,0x00000007ae000000)
 ParOldGen       total 218112K, used 69454K [0x0000000701400000, 0x000000070e900000, 0x0000000780700000)
  object space 218112K, 31% used [0x0000000701400000,0x00000007057d3ab0,0x000000070e900000)
 Metaspace       used 70016K, capacity 71176K, committed 71336K, reserved 1112064K
  class space    used 8346K, capacity 8612K, committed 8624K, reserved 1048576K
}
Event: 51.253 GC heap before
{Heap before GC invocations=15 (full 4):
 PSYoungGen      total 574464K, used 12850K [0x0000000780700000, 0x00000007ae000000, 0x00000007c0000000)
  eden space 537600K, 0% used [0x0000000780700000,0x0000000780700000,0x00000007a1400000)
  from space 36864K, 34% used [0x00000007a1400000,0x00000007a208c930,0x00000007a3800000)
  to   space 35328K, 0% used [0x00000007abd80000,0x00000007abd80000,0x00000007ae000000)
 ParOldGen       total 218112K, used 69454K [0x0000000701400000, 0x000000070e900000, 0x0000000780700000)
  object space 218112K, 31% used [0x0000000701400000,0x00000007057d3ab0,0x000000070e900000)
 Metaspace       used 70016K, capacity 71176K, committed 71336K, reserved 1112064K
  class space    used 8346K, capacity 8612K, committed 8624K, reserved 1048576K
Event: 51.518 GC heap after
Heap after GC invocations=15 (full 4):
 PSYoungGen      total 574464K, used 0K [0x0000000780700000, 0x00000007ae000000, 0x00000007c0000000)
  eden space 537600K, 0% used [0x0000000780700000,0x0000000780700000,0x00000007a1400000)
  from space 36864K, 0% used [0x00000007a1400000,0x00000007a1400000,0x00000007a3800000)
  to   space 35328K, 0% used [0x00000007abd80000,0x00000007abd80000,0x00000007ae000000)
 ParOldGen       total 218112K, used 65039K [0x0000000701400000, 0x000000070e900000, 0x0000000780700000)
  object space 218112K, 29% used [0x0000000701400000,0x0000000705383c58,0x000000070e900000)
 Metaspace       used 70015K, capacity 71170K, committed 71336K, reserved 1112064K
  class space    used 8345K, capacity 8611K, committed 8624K, reserved 1048576K
}
Event: 55.299 GC heap before
{Heap before GC invocations=16 (full 4):
 PSYoungGen      total 574464K, used 537600K [0x0000000780700000, 0x00000007ae000000, 0x00000007c0000000)
  eden space 537600K, 100% used [0x0000000780700000,0x00000007a1400000,0x00000007a1400000)
  from space 36864K, 0% used [0x00000007a1400000,0x00000007a1400000,0x00000007a3800000)
  to   space 35328K, 0% used [0x00000007abd80000,0x00000007abd80000,0x00000007ae000000)
 ParOldGen       total 218112K, used 65039K [0x0000000701400000, 0x000000070e900000, 0x0000000780700000)
  object space 218112K, 29% used [0x0000000701400000,0x0000000705383c58,0x000000070e900000)
 Metaspace       used 71864K, capacity 73114K, committed 73256K, reserved 1114112K
  class space    used 8453K, capacity 8731K, committed 8752K, reserved 1048576K
Event: 55.319 GC heap after
Heap after GC invocations=16 (full 4):
 PSYoungGen      total 677888K, used 19065K [0x0000000780700000, 0x00000007ad080000, 0x00000007c0000000)
  eden space 658432K, 0% used [0x0000000780700000,0x0000000780700000,0x00000007a8a00000)
  from space 19456K, 97% used [0x00000007abd80000,0x00000007ad01e628,0x00000007ad080000)
  to   space 34304K, 0% used [0x00000007a8d80000,0x00000007a8d80000,0x00000007aaf00000)
 ParOldGen       total 218112K, used 65047K [0x0000000701400000, 0x000000070e900000, 0x0000000780700000)
  object space 218112K, 29% used [0x0000000701400000,0x0000000705385c58,0x000000070e900000)
 Metaspace       used 71864K, capacity 73114K, committed 73256K, reserved 1114112K
  class space    used 8453K, capacity 8731K, committed 8752K, reserved 1048576K
}
Event: 209.047 GC heap before
{Heap before GC invocations=17 (full 4):
 PSYoungGen      total 677888K, used 656174K [0x0000000780700000, 0x00000007ad080000, 0x00000007c0000000)
  eden space 658432K, 96% used [0x0000000780700000,0x00000007a752d290,0x00000007a8a00000)
  from space 19456K, 97% used [0x00000007abd80000,0x00000007ad01e628,0x00000007ad080000)
  to   space 34304K, 0% used [0x00000007a8d80000,0x00000007a8d80000,0x00000007aaf00000)
 ParOldGen       total 218112K, used 65047K [0x0000000701400000, 0x000000070e900000, 0x0000000780700000)
  object space 218112K, 29% used [0x0000000701400000,0x0000000705385c58,0x000000070e900000)
 Metaspace       used 75053K, capacity 76616K, committed 76840K, reserved 1118208K
  class space    used 8606K, capacity 8947K, committed 9008K, reserved 1048576K
Event: 209.071 GC heap after
Heap after GC invocations=17 (full 4):
 PSYoungGen      total 687104K, used 28371K [0x0000000780700000, 0x00000007ad300000, 0x00000007c0000000)
  eden space 658432K, 0% used [0x0000000780700000,0x0000000780700000,0x00000007a8a00000)
  from space 28672K, 98% used [0x00000007a8d80000,0x00000007aa934d30,0x00000007aa980000)
  to   space 37376K, 0% used [0x00000007aae80000,0x00000007aae80000,0x00000007ad300000)
 ParOldGen       total 218112K, used 65055K [0x0000000701400000, 0x000000070e900000, 0x0000000780700000)
  object space 218112K, 29% used [0x0000000701400000,0x0000000705387c58,0x000000070e900000)
 Metaspace       used 75053K, capacity 76616K, committed 76840K, reserved 1118208K
  class space    used 8606K, capacity 8947K, committed 9008K, reserved 1048576K
}
Event: 209.071 GC heap before
{Heap before GC invocations=18 (full 5):
 PSYoungGen      total 687104K, used 28371K [0x0000000780700000, 0x00000007ad300000, 0x00000007c0000000)
  eden space 658432K, 0% used [0x0000000780700000,0x0000000780700000,0x00000007a8a00000)
  from space 28672K, 98% used [0x00000007a8d80000,0x00000007aa934d30,0x00000007aa980000)
  to   space 37376K, 0% used [0x00000007aae80000,0x00000007aae80000,0x00000007ad300000)
 ParOldGen       total 218112K, used 65055K [0x0000000701400000, 0x000000070e900000, 0x0000000780700000)
  object space 218112K, 29% used [0x0000000701400000,0x0000000705387c58,0x000000070e900000)
 Metaspace       used 75053K, capacity 76616K, committed 76840K, reserved 1118208K
  class space    used 8606K, capacity 8947K, committed 9008K, reserved 1048576K
Event: 209.506 GC heap after
Heap after GC invocations=18 (full 5):
 PSYoungGen      total 687104K, used 0K [0x0000000780700000, 0x00000007ad300000, 0x00000007c0000000)
  eden space 658432K, 0% used [0x0000000780700000,0x0000000780700000,0x00000007a8a00000)
  from space 28672K, 0% used [0x00000007a8d80000,0x00000007a8d80000,0x00000007aa980000)
  to   space 37376K, 0% used [0x00000007aae80000,0x00000007aae80000,0x00000007ad300000)
 ParOldGen       total 218112K, used 80909K [0x0000000701400000, 0x000000070e900000, 0x0000000780700000)
  object space 218112K, 37% used [0x0000000701400000,0x0000000706303698,0x000000070e900000)
 Metaspace       used 75049K, capacity 76610K, committed 76840K, reserved 1118208K
  class space    used 8606K, capacity 8946K, committed 9008K, reserved 1048576K
}

