# JRE version: Java(TM) SE Runtime Environment (8.0_91-b15) (build 1.8.0_91-b15)
# Java VM: Java HotSpot(TM) 64-Bit Server VM (25.91-b15 mixed mode windows-amd64 compressed oops)
Heap:
 PSYoungGen      total 888320K, used 32667K [0x0000000780700000, 0x00000007ba780000, 0x00000007c0000000)
  eden space 875008K, 3% used [0x0000000780700000,0x00000007826e6c70,0x00000007b5d80000)
  from space 13312K, 0% used [0x00000007b9a80000,0x00000007b9a80000,0x00000007ba780000)
  to   space 35840K, 0% used [0x00000007b6180000,0x00000007b6180000,0x00000007b8480000)
 ParOldGen       total 166912K, used 65150K [0x0000000701400000, 0x000000070b700000, 0x0000000780700000)
  object space 166912K, 39% used [0x0000000701400000,0x000000070539fa10,0x000000070b700000)
 Metaspace       used 70029K, capacity 71240K, committed 71424K, reserved 1112064K
  class space    used 8348K, capacity 8612K, committed 8704K, reserved 1048576K
GC Heap History (10 events):
Event: 9.403 GC heap before
{Heap before GC invocations=10 (full 2):
 PSYoungGen      total 374272K, used 361472K [0x0000000780700000, 0x00000007a9180000, 0x00000007c0000000)
  eden space 361472K, 100% used [0x0000000780700000,0x0000000796800000,0x0000000796800000)
  from space 12800K, 0% used [0x0000000796800000,0x0000000796800000,0x0000000797480000)
  to   space 17408K, 0% used [0x00000007a8080000,0x00000007a8080000,0x00000007a9180000)
 ParOldGen       total 97280K, used 24304K [0x0000000701400000, 0x0000000707300000, 0x0000000780700000)
  object space 97280K, 24% used [0x0000000701400000,0x0000000702bbc278,0x0000000707300000)
 Metaspace       used 47711K, capacity 48384K, committed 48768K, reserved 1091584K
  class space    used 5839K, capacity 5999K, committed 6016K, reserved 1048576K
Event: 9.426 GC heap after
Heap after GC invocations=10 (full 2):
 PSYoungGen      total 643072K, used 17384K [0x0000000780700000, 0x00000007aa480000, 0x00000007c0000000)
  eden space 625664K, 0% used [0x0000000780700000,0x0000000780700000,0x00000007a6a00000)
  from space 17408K, 99% used [0x00000007a8080000,0x00000007a917a260,0x00000007a9180000)
  to   space 23040K, 0% used [0x00000007a6a00000,0x00000007a6a00000,0x00000007a8080000)
 ParOldGen       total 97280K, used 32219K [0x0000000701400000, 0x0000000707300000, 0x0000000780700000)
  object space 97280K, 33% used [0x0000000701400000,0x0000000703376d68,0x0000000707300000)
 Metaspace       used 47711K, capacity 48384K, committed 48768K, reserved 1091584K
  class space    used 5839K, capacity 5999K, committed 6016K, reserved 1048576K
}
Event: 12.634 GC heap before
{Heap before GC invocations=11 (full 2):
 PSYoungGen      total 643072K, used 472229K [0x0000000780700000, 0x00000007aa480000, 0x00000007c0000000)
  eden space 625664K, 72% used [0x0000000780700000,0x000000079c32f418,0x00000007a6a00000)
  from space 17408K, 99% used [0x00000007a8080000,0x00000007a917a260,0x00000007a9180000)
  to   space 23040K, 0% used [0x00000007a6a00000,0x00000007a6a00000,0x00000007a8080000)
 ParOldGen       total 97280K, used 32219K [0x0000000701400000, 0x0000000707300000, 0x0000000780700000)
  object space 97280K, 33% used [0x0000000701400000,0x0000000703376d68,0x0000000707300000)
 Metaspace       used 58133K, capacity 59000K, committed 59160K, reserved 1101824K
  class space    used 7057K, capacity 7261K, committed 7296K, reserved 1048576K
Event: 12.697 GC heap after
Heap after GC invocations=11 (full 2):
 PSYoungGen      total 648704K, used 23036K [0x0000000780700000, 0x00000007bbf00000, 0x00000007c0000000)
  eden space 625664K, 0% used [0x0000000780700000,0x0000000780700000,0x00000007a6a00000)
  from space 23040K, 99% used [0x00000007a6a00000,0x00000007a807f368,0x00000007a8080000)
  to   space 37376K, 0% used [0x00000007b9a80000,0x00000007b9a80000,0x00000007bbf00000)
 ParOldGen       total 97280K, used 58936K [0x0000000701400000, 0x0000000707300000, 0x0000000780700000)
  object space 97280K, 60% used [0x0000000701400000,0x0000000704d8e2e0,0x0000000707300000)
 Metaspace       used 58133K, capacity 59000K, committed 59160K, reserved 1101824K
  class space    used 7057K, capacity 7261K, committed 7296K, reserved 1048576K
}
Event: 12.697 GC heap before
{Heap before GC invocations=12 (full 3):
 PSYoungGen      total 648704K, used 23036K [0x0000000780700000, 0x00000007bbf00000, 0x00000007c0000000)
  eden space 625664K, 0% used [0x0000000780700000,0x0000000780700000,0x00000007a6a00000)
  from space 23040K, 99% used [0x00000007a6a00000,0x00000007a807f368,0x00000007a8080000)
  to   space 37376K, 0% used [0x00000007b9a80000,0x00000007b9a80000,0x00000007bbf00000)
 ParOldGen       total 97280K, used 58936K [0x0000000701400000, 0x0000000707300000, 0x0000000780700000)
  object space 97280K, 60% used [0x0000000701400000,0x0000000704d8e2e0,0x0000000707300000)
 Metaspace       used 58133K, capacity 59000K, committed 59160K, reserved 1101824K
  class space    used 7057K, capacity 7261K, committed 7296K, reserved 1048576K
Event: 13.005 GC heap after
Heap after GC invocations=12 (full 3):
 PSYoungGen      total 648704K, used 0K [0x0000000780700000, 0x00000007bbf00000, 0x00000007c0000000)
  eden space 625664K, 0% used [0x0000000780700000,0x0000000780700000,0x00000007a6a00000)
  from space 23040K, 0% used [0x00000007a6a00000,0x00000007a6a00000,0x00000007a8080000)
  to   space 37376K, 0% used [0x00000007b9a80000,0x00000007b9a80000,0x00000007bbf00000)
 ParOldGen       total 166912K, used 68777K [0x0000000701400000, 0x000000070b700000, 0x0000000780700000)
  object space 166912K, 41% used [0x0000000701400000,0x000000070572a7a0,0x000000070b700000)
 Metaspace       used 58129K, capacity 58994K, committed 59160K, reserved 1101824K
  class space    used 7056K, capacity 7260K, committed 7296K, reserved 1048576K
}
Event: 55.600 GC heap before
{Heap before GC invocations=13 (full 3):
 PSYoungGen      total 648704K, used 364915K [0x0000000780700000, 0x00000007bbf00000, 0x00000007c0000000)
  eden space 625664K, 58% used [0x0000000780700000,0x0000000796b5cff8,0x00000007a6a00000)
  from space 23040K, 0% used [0x00000007a6a00000,0x00000007a6a00000,0x00000007a8080000)
  to   space 37376K, 0% used [0x00000007b9a80000,0x00000007b9a80000,0x00000007bbf00000)
 ParOldGen       total 166912K, used 68777K [0x0000000701400000, 0x000000070b700000, 0x0000000780700000)
  object space 166912K, 41% used [0x0000000701400000,0x000000070572a7a0,0x000000070b700000)
 Metaspace       used 70023K, capacity 71240K, committed 71424K, reserved 1112064K
  class space    used 8347K, capacity 8612K, committed 8704K, reserved 1048576K
Event: 55.614 GC heap after
Heap after GC invocations=13 (full 3):
 PSYoungGen      total 888320K, used 12936K [0x0000000780700000, 0x00000007ba780000, 0x00000007c0000000)
  eden space 875008K, 0% used [0x0000000780700000,0x0000000780700000,0x00000007b5d80000)
  from space 13312K, 97% used [0x00000007b9a80000,0x00000007ba7223d0,0x00000007ba780000)
  to   space 35840K, 0% used [0x00000007b6180000,0x00000007b6180000,0x00000007b8480000)
 ParOldGen       total 166912K, used 68793K [0x0000000701400000, 0x000000070b700000, 0x0000000780700000)
  object space 166912K, 41% used [0x0000000701400000,0x000000070572e7a0,0x000000070b700000)
 Metaspace       used 70023K, capacity 71240K, committed 71424K, reserved 1112064K
  class space    used 8347K, capacity 8612K, committed 8704K, reserved 1048576K
}
Event: 55.614 GC heap before
{Heap before GC invocations=14 (full 4):
 PSYoungGen      total 888320K, used 12936K [0x0000000780700000, 0x00000007ba780000, 0x00000007c0000000)
  eden space 875008K, 0% used [0x0000000780700000,0x0000000780700000,0x00000007b5d80000)
  from space 13312K, 97% used [0x00000007b9a80000,0x00000007ba7223d0,0x00000007ba780000)
  to   space 35840K, 0% used [0x00000007b6180000,0x00000007b6180000,0x00000007b8480000)
 ParOldGen       total 166912K, used 68793K [0x0000000701400000, 0x000000070b700000, 0x0000000780700000)
  object space 166912K, 41% used [0x0000000701400000,0x000000070572e7a0,0x000000070b700000)
 Metaspace       used 70023K, capacity 71240K, committed 71424K, reserved 1112064K
  class space    used 8347K, capacity 8612K, committed 8704K, reserved 1048576K
Event: 55.974 GC heap after
Heap after GC invocations=14 (full 4):
 PSYoungGen      total 888320K, used 0K [0x0000000780700000, 0x00000007ba780000, 0x00000007c0000000)
  eden space 875008K, 0% used [0x0000000780700000,0x0000000780700000,0x00000007b5d80000)
  from space 13312K, 0% used [0x00000007b9a80000,0x00000007b9a80000,0x00000007ba780000)
  to   space 35840K, 0% used [0x00000007b6180000,0x00000007b6180000,0x00000007b8480000)
 ParOldGen       total 166912K, used 65150K [0x0000000701400000, 0x000000070b700000, 0x0000000780700000)
  object space 166912K, 39% used [0x0000000701400000,0x000000070539fa10,0x000000070b700000)
 Metaspace       used 70023K, capacity 71240K, committed 71424K, reserved 1112064K
  class space    used 8347K, capacity 8612K, committed 8704K, reserved 1048576K
}

