# JRE version: Java(TM) SE Runtime Environment (8.0_91-b15) (build 1.8.0_91-b15)
# Java VM: Java HotSpot(TM) 64-Bit Server VM (25.91-b15 mixed mode windows-amd64 compressed oops)
Heap:
 PSYoungGen      total 690176K, used 22822K [0x0000000780700000, 0x00000007ad980000, 0x00000007c0000000)
  eden space 671232K, 3% used [0x0000000780700000,0x0000000781d49810,0x00000007a9680000)
  from space 18944K, 0% used [0x00000007ac700000,0x00000007ac700000,0x00000007ad980000)
  to   space 34304K, 0% used [0x00000007a9680000,0x00000007a9680000,0x00000007ab800000)
 ParOldGen       total 194048K, used 65195K [0x0000000701400000, 0x000000070d180000, 0x0000000780700000)
  object space 194048K, 33% used [0x0000000701400000,0x00000007053aae40,0x000000070d180000)
 Metaspace       used 70070K, capacity 71237K, committed 71336K, reserved 1112064K
  class space    used 8348K, capacity 8613K, committed 8624K, reserved 1048576K
GC Heap History (10 events):
Event: 9.412 GC heap before
{Heap before GC invocations=10 (full 2):
 PSYoungGen      total 345600K, used 332800K [0x0000000780700000, 0x00000007a2200000, 0x00000007c0000000)
  eden space 332800K, 100% used [0x0000000780700000,0x0000000794c00000,0x0000000794c00000)
  from space 12800K, 0% used [0x0000000794c00000,0x0000000794c00000,0x0000000795880000)
  to   space 16896K, 0% used [0x00000007a1180000,0x00000007a1180000,0x00000007a2200000)
 ParOldGen       total 113152K, used 23869K [0x0000000701400000, 0x0000000708280000, 0x0000000780700000)
  object space 113152K, 21% used [0x0000000701400000,0x0000000702b4f4b0,0x0000000708280000)
 Metaspace       used 46647K, capacity 47287K, committed 47656K, reserved 1091584K
  class space    used 5722K, capacity 5871K, committed 5936K, reserved 1048576K
Event: 9.439 GC heap after
Heap after GC invocations=10 (full 2):
 PSYoungGen      total 529920K, used 16872K [0x0000000780700000, 0x00000007a3a80000, 0x00000007c0000000)
  eden space 513024K, 0% used [0x0000000780700000,0x0000000780700000,0x000000079fc00000)
  from space 16896K, 99% used [0x00000007a1180000,0x00000007a21fa250,0x00000007a2200000)
  to   space 22016K, 0% used [0x000000079fc00000,0x000000079fc00000,0x00000007a1180000)
 ParOldGen       total 113152K, used 31096K [0x0000000701400000, 0x0000000708280000, 0x0000000780700000)
  object space 113152K, 27% used [0x0000000701400000,0x000000070325e030,0x0000000708280000)
 Metaspace       used 46647K, capacity 47287K, committed 47656K, reserved 1091584K
  class space    used 5722K, capacity 5871K, committed 5936K, reserved 1048576K
}
Event: 13.089 GC heap before
{Heap before GC invocations=11 (full 2):
 PSYoungGen      total 529920K, used 501201K [0x0000000780700000, 0x00000007a3a80000, 0x00000007c0000000)
  eden space 513024K, 94% used [0x0000000780700000,0x000000079dffa298,0x000000079fc00000)
  from space 16896K, 99% used [0x00000007a1180000,0x00000007a21fa250,0x00000007a2200000)
  to   space 22016K, 0% used [0x000000079fc00000,0x000000079fc00000,0x00000007a1180000)
 ParOldGen       total 113152K, used 31096K [0x0000000701400000, 0x0000000708280000, 0x0000000780700000)
  object space 113152K, 27% used [0x0000000701400000,0x000000070325e030,0x0000000708280000)
 Metaspace       used 58052K, capacity 58877K, committed 59160K, reserved 1101824K
  class space    used 7033K, capacity 7226K, committed 7344K, reserved 1048576K
Event: 13.131 GC heap after
Heap after GC invocations=11 (full 2):
 PSYoungGen      total 535040K, used 22010K [0x0000000780700000, 0x00000007aea80000, 0x00000007c0000000)
  eden space 513024K, 0% used [0x0000000780700000,0x0000000780700000,0x000000079fc00000)
  from space 22016K, 99% used [0x000000079fc00000,0x00000007a117ea80,0x00000007a1180000)
  to   space 36352K, 0% used [0x00000007ac700000,0x00000007ac700000,0x00000007aea80000)
 ParOldGen       total 113152K, used 58617K [0x0000000701400000, 0x0000000708280000, 0x0000000780700000)
  object space 113152K, 51% used [0x0000000701400000,0x0000000704d3e770,0x0000000708280000)
 Metaspace       used 58052K, capacity 58877K, committed 59160K, reserved 1101824K
  class space    used 7033K, capacity 7226K, committed 7344K, reserved 1048576K
}
Event: 13.131 GC heap before
{Heap before GC invocations=12 (full 3):
 PSYoungGen      total 535040K, used 22010K [0x0000000780700000, 0x00000007aea80000, 0x00000007c0000000)
  eden space 513024K, 0% used [0x0000000780700000,0x0000000780700000,0x000000079fc00000)
  from space 22016K, 99% used [0x000000079fc00000,0x00000007a117ea80,0x00000007a1180000)
  to   space 36352K, 0% used [0x00000007ac700000,0x00000007ac700000,0x00000007aea80000)
 ParOldGen       total 113152K, used 58617K [0x0000000701400000, 0x0000000708280000, 0x0000000780700000)
  object space 113152K, 51% used [0x0000000701400000,0x0000000704d3e770,0x0000000708280000)
 Metaspace       used 58052K, capacity 58877K, committed 59160K, reserved 1101824K
  class space    used 7033K, capacity 7226K, committed 7344K, reserved 1048576K
Event: 13.387 GC heap after
Heap after GC invocations=12 (full 3):
 PSYoungGen      total 535040K, used 0K [0x0000000780700000, 0x00000007aea80000, 0x00000007c0000000)
  eden space 513024K, 0% used [0x0000000780700000,0x0000000780700000,0x000000079fc00000)
  from space 22016K, 0% used [0x000000079fc00000,0x000000079fc00000,0x00000007a1180000)
  to   space 36352K, 0% used [0x00000007ac700000,0x00000007ac700000,0x00000007aea80000)
 ParOldGen       total 194048K, used 68573K [0x0000000701400000, 0x000000070d180000, 0x0000000780700000)
  object space 194048K, 35% used [0x0000000701400000,0x00000007056f7798,0x000000070d180000)
 Metaspace       used 58049K, capacity 58871K, committed 59160K, reserved 1101824K
  class space    used 7032K, capacity 7225K, committed 7344K, reserved 1048576K
}
Event: 101.314 GC heap before
{Heap before GC invocations=13 (full 3):
 PSYoungGen      total 535040K, used 398320K [0x0000000780700000, 0x00000007aea80000, 0x00000007c0000000)
  eden space 513024K, 77% used [0x0000000780700000,0x0000000798bfc050,0x000000079fc00000)
  from space 22016K, 0% used [0x000000079fc00000,0x000000079fc00000,0x00000007a1180000)
  to   space 36352K, 0% used [0x00000007ac700000,0x00000007ac700000,0x00000007aea80000)
 ParOldGen       total 194048K, used 68573K [0x0000000701400000, 0x000000070d180000, 0x0000000780700000)
  object space 194048K, 35% used [0x0000000701400000,0x00000007056f7798,0x000000070d180000)
 Metaspace       used 70065K, capacity 71237K, committed 71336K, reserved 1112064K
  class space    used 8347K, capacity 8613K, committed 8624K, reserved 1048576K
Event: 101.331 GC heap after
Heap after GC invocations=13 (full 3):
 PSYoungGen      total 690176K, used 13828K [0x0000000780700000, 0x00000007ad980000, 0x00000007c0000000)
  eden space 671232K, 0% used [0x0000000780700000,0x0000000780700000,0x00000007a9680000)
  from space 18944K, 72% used [0x00000007ac700000,0x00000007ad481378,0x00000007ad980000)
  to   space 34304K, 0% used [0x00000007a9680000,0x00000007a9680000,0x00000007ab800000)
 ParOldGen       total 194048K, used 68589K [0x0000000701400000, 0x000000070d180000, 0x0000000780700000)
  object space 194048K, 35% used [0x0000000701400000,0x00000007056fb798,0x000000070d180000)
 Metaspace       used 70065K, capacity 71237K, committed 71336K, reserved 1112064K
  class space    used 8347K, capacity 8613K, committed 8624K, reserved 1048576K
}
Event: 101.331 GC heap before
{Heap before GC invocations=14 (full 4):
 PSYoungGen      total 690176K, used 13828K [0x0000000780700000, 0x00000007ad980000, 0x00000007c0000000)
  eden space 671232K, 0% used [0x0000000780700000,0x0000000780700000,0x00000007a9680000)
  from space 18944K, 72% used [0x00000007ac700000,0x00000007ad481378,0x00000007ad980000)
  to   space 34304K, 0% used [0x00000007a9680000,0x00000007a9680000,0x00000007ab800000)
 ParOldGen       total 194048K, used 68589K [0x0000000701400000, 0x000000070d180000, 0x0000000780700000)
  object space 194048K, 35% used [0x0000000701400000,0x00000007056fb798,0x000000070d180000)
 Metaspace       used 70065K, capacity 71237K, committed 71336K, reserved 1112064K
  class space    used 8347K, capacity 8613K, committed 8624K, reserved 1048576K
Event: 101.654 GC heap after
Heap after GC invocations=14 (full 4):
 PSYoungGen      total 690176K, used 0K [0x0000000780700000, 0x00000007ad980000, 0x00000007c0000000)
  eden space 671232K, 0% used [0x0000000780700000,0x0000000780700000,0x00000007a9680000)
  from space 18944K, 0% used [0x00000007ac700000,0x00000007ac700000,0x00000007ad980000)
  to   space 34304K, 0% used [0x00000007a9680000,0x00000007a9680000,0x00000007ab800000)
 ParOldGen       total 194048K, used 65195K [0x0000000701400000, 0x000000070d180000, 0x0000000780700000)
  object space 194048K, 33% used [0x0000000701400000,0x00000007053aae40,0x000000070d180000)
 Metaspace       used 70065K, capacity 71237K, committed 71336K, reserved 1112064K
  class space    used 8347K, capacity 8613K, committed 8624K, reserved 1048576K
}

