# JRE version: Java(TM) SE Runtime Environment (8.0_91-b15) (build 1.8.0_91-b15)
# Java VM: Java HotSpot(TM) 64-Bit Server VM (25.91-b15 mixed mode windows-amd64 compressed oops)
Heap:
 PSYoungGen      total 998912K, used 7853K [0x0000000780700000, 0x00000007c0000000, 0x00000007c0000000)
  eden space 961536K, 0% used [0x0000000780700000,0x0000000780eab428,0x00000007bb200000)
  from space 37376K, 0% used [0x00000007bdb80000,0x00000007bdb80000,0x00000007c0000000)
  to   space 39936K, 0% used [0x00000007bb200000,0x00000007bb200000,0x00000007bd900000)
 ParOldGen       total 174080K, used 74770K [0x0000000701400000, 0x000000070be00000, 0x0000000780700000)
  object space 174080K, 42% used [0x0000000701400000,0x0000000705d04b78,0x000000070be00000)
 Metaspace       used 72630K, capacity 74224K, committed 74496K, reserved 1116160K
  class space    used 8342K, capacity 8675K, committed 8704K, reserved 1048576K
GC Heap History (10 events):
Event: 297.420 GC heap before
{Heap before GC invocations=15 (full 3):
 PSYoungGen      total 727040K, used 217571K [0x0000000780700000, 0x00000007bfc00000, 0x00000007c0000000)
  eden space 692736K, 29% used [0x0000000780700000,0x000000078d0d46d0,0x00000007aab80000)
  from space 34304K, 31% used [0x00000007aab80000,0x00000007ab624858,0x00000007acd00000)
  to   space 33280K, 0% used [0x00000007bdb80000,0x00000007bdb80000,0x00000007bfc00000)
 ParOldGen       total 174080K, used 59713K [0x0000000701400000, 0x000000070be00000, 0x0000000780700000)
  object space 174080K, 34% used [0x0000000701400000,0x0000000704e506d0,0x000000070be00000)
 Metaspace       used 67718K, capacity 69072K, committed 69376K, reserved 1110016K
  class space    used 8075K, capacity 8344K, committed 8448K, reserved 1048576K
Event: 297.426 GC heap after
Heap after GC invocations=15 (full 3):
 PSYoungGen      total 1003008K, used 736K [0x0000000780700000, 0x00000007bfe00000, 0x00000007c0000000)
  eden space 969728K, 0% used [0x0000000780700000,0x0000000780700000,0x00000007bba00000)
  from space 33280K, 2% used [0x00000007bdb80000,0x00000007bdc38000,0x00000007bfc00000)
  to   space 34304K, 0% used [0x00000007bba00000,0x00000007bba00000,0x00000007bdb80000)
 ParOldGen       total 174080K, used 63274K [0x0000000701400000, 0x000000070be00000, 0x0000000780700000)
  object space 174080K, 36% used [0x0000000701400000,0x00000007051ca870,0x000000070be00000)
 Metaspace       used 67718K, capacity 69072K, committed 69376K, reserved 1110016K
  class space    used 8075K, capacity 8344K, committed 8448K, reserved 1048576K
}
Event: 297.426 GC heap before
{Heap before GC invocations=16 (full 4):
 PSYoungGen      total 1003008K, used 736K [0x0000000780700000, 0x00000007bfe00000, 0x00000007c0000000)
  eden space 969728K, 0% used [0x0000000780700000,0x0000000780700000,0x00000007bba00000)
  from space 33280K, 2% used [0x00000007bdb80000,0x00000007bdc38000,0x00000007bfc00000)
  to   space 34304K, 0% used [0x00000007bba00000,0x00000007bba00000,0x00000007bdb80000)
 ParOldGen       total 174080K, used 63274K [0x0000000701400000, 0x000000070be00000, 0x0000000780700000)
  object space 174080K, 36% used [0x0000000701400000,0x00000007051ca870,0x000000070be00000)
 Metaspace       used 67718K, capacity 69072K, committed 69376K, reserved 1110016K
  class space    used 8075K, capacity 8344K, committed 8448K, reserved 1048576K
Event: 297.752 GC heap after
Heap after GC invocations=16 (full 4):
 PSYoungGen      total 1003008K, used 0K [0x0000000780700000, 0x00000007bfe00000, 0x00000007c0000000)
  eden space 969728K, 0% used [0x0000000780700000,0x0000000780700000,0x00000007bba00000)
  from space 33280K, 0% used [0x00000007bdb80000,0x00000007bdb80000,0x00000007bfc00000)
  to   space 34304K, 0% used [0x00000007bba00000,0x00000007bba00000,0x00000007bdb80000)
 ParOldGen       total 174080K, used 53349K [0x0000000701400000, 0x000000070be00000, 0x0000000780700000)
  object space 174080K, 30% used [0x0000000701400000,0x00000007048196b0,0x000000070be00000)
 Metaspace       used 67718K, capacity 69072K, committed 69376K, reserved 1110016K
  class space    used 8075K, capacity 8344K, committed 8448K, reserved 1048576K
}
Event: 323.870 GC heap before
{Heap before GC invocations=17 (full 4):
 PSYoungGen      total 1003008K, used 969728K [0x0000000780700000, 0x00000007bfe00000, 0x00000007c0000000)
  eden space 969728K, 100% used [0x0000000780700000,0x00000007bba00000,0x00000007bba00000)
  from space 33280K, 0% used [0x00000007bdb80000,0x00000007bdb80000,0x00000007bfc00000)
  to   space 34304K, 0% used [0x00000007bba00000,0x00000007bba00000,0x00000007bdb80000)
 ParOldGen       total 174080K, used 53349K [0x0000000701400000, 0x000000070be00000, 0x0000000780700000)
  object space 174080K, 30% used [0x0000000701400000,0x00000007048196b0,0x000000070be00000)
 Metaspace       used 71943K, capacity 73420K, committed 73600K, reserved 1114112K
  class space    used 8282K, capacity 8572K, committed 8576K, reserved 1048576K
Event: 323.901 GC heap after
Heap after GC invocations=17 (full 4):
 PSYoungGen      total 1004032K, used 34287K [0x0000000780700000, 0x00000007c0000000, 0x00000007c0000000)
  eden space 969728K, 0% used [0x0000000780700000,0x0000000780700000,0x00000007bba00000)
  from space 34304K, 99% used [0x00000007bba00000,0x00000007bdb7bdd8,0x00000007bdb80000)
  to   space 37376K, 0% used [0x00000007bdb80000,0x00000007bdb80000,0x00000007c0000000)
 ParOldGen       total 174080K, used 53457K [0x0000000701400000, 0x000000070be00000, 0x0000000780700000)
  object space 174080K, 30% used [0x0000000701400000,0x00000007048344d0,0x000000070be00000)
 Metaspace       used 71943K, capacity 73420K, committed 73600K, reserved 1114112K
  class space    used 8282K, capacity 8572K, committed 8576K, reserved 1048576K
}
Event: 545.330 GC heap before
{Heap before GC invocations=18 (full 4):
 PSYoungGen      total 1004032K, used 381799K [0x0000000780700000, 0x00000007c0000000, 0x00000007c0000000)
  eden space 969728K, 35% used [0x0000000780700000,0x0000000795a5df18,0x00000007bba00000)
  from space 34304K, 99% used [0x00000007bba00000,0x00000007bdb7bdd8,0x00000007bdb80000)
  to   space 37376K, 0% used [0x00000007bdb80000,0x00000007bdb80000,0x00000007c0000000)
 ParOldGen       total 174080K, used 53457K [0x0000000701400000, 0x000000070be00000, 0x0000000780700000)
  object space 174080K, 30% used [0x0000000701400000,0x00000007048344d0,0x000000070be00000)
 Metaspace       used 72634K, capacity 74230K, committed 74496K, reserved 1116160K
  class space    used 8343K, capacity 8676K, committed 8704K, reserved 1048576K
Event: 545.344 GC heap after
Heap after GC invocations=18 (full 4):
 PSYoungGen      total 998912K, used 624K [0x0000000780700000, 0x00000007c0000000, 0x00000007c0000000)
  eden space 961536K, 0% used [0x0000000780700000,0x0000000780700000,0x00000007bb200000)
  from space 37376K, 1% used [0x00000007bdb80000,0x00000007bdc1c010,0x00000007c0000000)
  to   space 39936K, 0% used [0x00000007bb200000,0x00000007bb200000,0x00000007bd900000)
 ParOldGen       total 174080K, used 76867K [0x0000000701400000, 0x000000070be00000, 0x0000000780700000)
  object space 174080K, 44% used [0x0000000701400000,0x0000000705f10c38,0x000000070be00000)
 Metaspace       used 72634K, capacity 74230K, committed 74496K, reserved 1116160K
  class space    used 8343K, capacity 8676K, committed 8704K, reserved 1048576K
}
Event: 545.344 GC heap before
{Heap before GC invocations=19 (full 5):
 PSYoungGen      total 998912K, used 624K [0x0000000780700000, 0x00000007c0000000, 0x00000007c0000000)
  eden space 961536K, 0% used [0x0000000780700000,0x0000000780700000,0x00000007bb200000)
  from space 37376K, 1% used [0x00000007bdb80000,0x00000007bdc1c010,0x00000007c0000000)
  to   space 39936K, 0% used [0x00000007bb200000,0x00000007bb200000,0x00000007bd900000)
 ParOldGen       total 174080K, used 76867K [0x0000000701400000, 0x000000070be00000, 0x0000000780700000)
  object space 174080K, 44% used [0x0000000701400000,0x0000000705f10c38,0x000000070be00000)
 Metaspace       used 72634K, capacity 74230K, committed 74496K, reserved 1116160K
  class space    used 8343K, capacity 8676K, committed 8704K, reserved 1048576K
Event: 545.759 GC heap after
Heap after GC invocations=19 (full 5):
 PSYoungGen      total 998912K, used 0K [0x0000000780700000, 0x00000007c0000000, 0x00000007c0000000)
  eden space 961536K, 0% used [0x0000000780700000,0x0000000780700000,0x00000007bb200000)
  from space 37376K, 0% used [0x00000007bdb80000,0x00000007bdb80000,0x00000007c0000000)
  to   space 39936K, 0% used [0x00000007bb200000,0x00000007bb200000,0x00000007bd900000)
 ParOldGen       total 174080K, used 74770K [0x0000000701400000, 0x000000070be00000, 0x0000000780700000)
  object space 174080K, 42% used [0x0000000701400000,0x0000000705d04b78,0x000000070be00000)
 Metaspace       used 72630K, capacity 74224K, committed 74496K, reserved 1116160K
  class space    used 8342K, capacity 8675K, committed 8704K, reserved 1048576K
}

