# JRE version: Java(TM) SE Runtime Environment (8.0_91-b15) (build 1.8.0_91-b15)
# Java VM: Java HotSpot(TM) 64-Bit Server VM (25.91-b15 mixed mode windows-amd64 compressed oops)
Heap:
 PSYoungGen      total 858112K, used 9605K [0x0000000780700000, 0x00000007bdc00000, 0x00000007c0000000)
  eden space 809472K, 1% used [0x0000000780700000,0x0000000781061598,0x00000007b1d80000)
  from space 48640K, 0% used [0x00000007b1d80000,0x00000007b1d80000,0x00000007b4d00000)
  to   space 47616K, 0% used [0x00000007bad80000,0x00000007bad80000,0x00000007bdc00000)
 ParOldGen       total 206336K, used 123771K [0x0000000701400000, 0x000000070dd80000, 0x0000000780700000)
  object space 206336K, 59% used [0x0000000701400000,0x0000000708cdedf8,0x000000070dd80000)
 Metaspace       used 84413K, capacity 86765K, committed 86952K, reserved 1126400K
  class space    used 9141K, capacity 9637K, committed 9648K, reserved 1048576K
GC Heap History (10 events):
Event: 1913.069 GC heap before
{Heap before GC invocations=22 (full 5):
 PSYoungGen      total 844288K, used 498484K [0x0000000780700000, 0x00000007b7f00000, 0x00000007c0000000)
  eden space 813056K, 57% used [0x0000000780700000,0x000000079cf5ad30,0x00000007b2100000)
  from space 31232K, 99% used [0x00000007b6080000,0x00000007b7ef2480,0x00000007b7f00000)
  to   space 44544K, 0% used [0x00000007b2800000,0x00000007b2800000,0x00000007b5380000)
 ParOldGen       total 206336K, used 80735K [0x0000000701400000, 0x000000070dd80000, 0x0000000780700000)
  object space 206336K, 39% used [0x0000000701400000,0x00000007062d7c40,0x000000070dd80000)
 Metaspace       used 79892K, capacity 81821K, committed 82088K, reserved 1122304K
  class space    used 8873K, capacity 9287K, committed 9392K, reserved 1048576K
Event: 1913.089 GC heap after
Heap after GC invocations=22 (full 5):
 PSYoungGen      total 840704K, used 27434K [0x0000000780700000, 0x00000007b7900000, 0x00000007c0000000)
  eden space 813056K, 0% used [0x0000000780700000,0x0000000780700000,0x00000007b2100000)
  from space 27648K, 99% used [0x00000007b2800000,0x00000007b42ca9a0,0x00000007b4300000)
  to   space 45056K, 0% used [0x00000007b4d00000,0x00000007b4d00000,0x00000007b7900000)
 ParOldGen       total 206336K, used 80743K [0x0000000701400000, 0x000000070dd80000, 0x0000000780700000)
  object space 206336K, 39% used [0x0000000701400000,0x00000007062d9c40,0x000000070dd80000)
 Metaspace       used 79892K, capacity 81821K, committed 82088K, reserved 1122304K
  class space    used 8873K, capacity 9287K, committed 9392K, reserved 1048576K
}
Event: 1913.089 GC heap before
{Heap before GC invocations=23 (full 6):
 PSYoungGen      total 840704K, used 27434K [0x0000000780700000, 0x00000007b7900000, 0x00000007c0000000)
  eden space 813056K, 0% used [0x0000000780700000,0x0000000780700000,0x00000007b2100000)
  from space 27648K, 99% used [0x00000007b2800000,0x00000007b42ca9a0,0x00000007b4300000)
  to   space 45056K, 0% used [0x00000007b4d00000,0x00000007b4d00000,0x00000007b7900000)
 ParOldGen       total 206336K, used 80743K [0x0000000701400000, 0x000000070dd80000, 0x0000000780700000)
  object space 206336K, 39% used [0x0000000701400000,0x00000007062d9c40,0x000000070dd80000)
 Metaspace       used 79892K, capacity 81821K, committed 82088K, reserved 1122304K
  class space    used 8873K, capacity 9287K, committed 9392K, reserved 1048576K
Event: 1913.557 GC heap after
Heap after GC invocations=23 (full 6):
 PSYoungGen      total 840704K, used 0K [0x0000000780700000, 0x00000007b7900000, 0x00000007c0000000)
  eden space 813056K, 0% used [0x0000000780700000,0x0000000780700000,0x00000007b2100000)
  from space 27648K, 0% used [0x00000007b2800000,0x00000007b2800000,0x00000007b4300000)
  to   space 45056K, 0% used [0x00000007b4d00000,0x00000007b4d00000,0x00000007b7900000)
 ParOldGen       total 206336K, used 102210K [0x0000000701400000, 0x000000070dd80000, 0x0000000780700000)
  object space 206336K, 49% used [0x0000000701400000,0x00000007077d0880,0x000000070dd80000)
 Metaspace       used 79888K, capacity 81815K, committed 82088K, reserved 1122304K
  class space    used 8873K, capacity 9286K, committed 9392K, reserved 1048576K
}
Event: 1917.570 GC heap before
{Heap before GC invocations=24 (full 6):
 PSYoungGen      total 840704K, used 813056K [0x0000000780700000, 0x00000007b7900000, 0x00000007c0000000)
  eden space 813056K, 100% used [0x0000000780700000,0x00000007b2100000,0x00000007b2100000)
  from space 27648K, 0% used [0x00000007b2800000,0x00000007b2800000,0x00000007b4300000)
  to   space 45056K, 0% used [0x00000007b4d00000,0x00000007b4d00000,0x00000007b7900000)
 ParOldGen       total 206336K, used 102210K [0x0000000701400000, 0x000000070dd80000, 0x0000000780700000)
  object space 206336K, 49% used [0x0000000701400000,0x00000007077d0880,0x000000070dd80000)
 Metaspace       used 83556K, capacity 85521K, committed 85800K, reserved 1126400K
  class space    used 9065K, capacity 9513K, committed 9520K, reserved 1048576K
Event: 1917.597 GC heap after
Heap after GC invocations=24 (full 6):
 PSYoungGen      total 854528K, used 37060K [0x0000000780700000, 0x00000007bde00000, 0x00000007c0000000)
  eden space 809472K, 0% used [0x0000000780700000,0x0000000780700000,0x00000007b1d80000)
  from space 45056K, 82% used [0x00000007b4d00000,0x00000007b71312c0,0x00000007b7900000)
  to   space 48640K, 0% used [0x00000007b1d80000,0x00000007b1d80000,0x00000007b4d00000)
 ParOldGen       total 206336K, used 102218K [0x0000000701400000, 0x000000070dd80000, 0x0000000780700000)
  object space 206336K, 49% used [0x0000000701400000,0x00000007077d2880,0x000000070dd80000)
 Metaspace       used 83556K, capacity 85521K, committed 85800K, reserved 1126400K
  class space    used 9065K, capacity 9513K, committed 9520K, reserved 1048576K
}
Event: 2306.131 GC heap before
{Heap before GC invocations=25 (full 6):
 PSYoungGen      total 854528K, used 570563K [0x0000000780700000, 0x00000007bde00000, 0x00000007c0000000)
  eden space 809472K, 65% used [0x0000000780700000,0x00000007a0fffcd0,0x00000007b1d80000)
  from space 45056K, 82% used [0x00000007b4d00000,0x00000007b71312c0,0x00000007b7900000)
  to   space 48640K, 0% used [0x00000007b1d80000,0x00000007b1d80000,0x00000007b4d00000)
 ParOldGen       total 206336K, used 102218K [0x0000000701400000, 0x000000070dd80000, 0x0000000780700000)
  object space 206336K, 49% used [0x0000000701400000,0x00000007077d2880,0x000000070dd80000)
 Metaspace       used 84415K, capacity 86765K, committed 86952K, reserved 1126400K
  class space    used 9140K, capacity 9636K, committed 9648K, reserved 1048576K
Event: 2306.150 GC heap after
Heap after GC invocations=25 (full 6):
 PSYoungGen      total 858112K, used 27258K [0x0000000780700000, 0x00000007bdc00000, 0x00000007c0000000)
  eden space 809472K, 0% used [0x0000000780700000,0x0000000780700000,0x00000007b1d80000)
  from space 48640K, 56% used [0x00000007b1d80000,0x00000007b381e9d0,0x00000007b4d00000)
  to   space 47616K, 0% used [0x00000007bad80000,0x00000007bad80000,0x00000007bdc00000)
 ParOldGen       total 206336K, used 102226K [0x0000000701400000, 0x000000070dd80000, 0x0000000780700000)
  object space 206336K, 49% used [0x0000000701400000,0x00000007077d4880,0x000000070dd80000)
 Metaspace       used 84415K, capacity 86765K, committed 86952K, reserved 1126400K
  class space    used 9140K, capacity 9636K, committed 9648K, reserved 1048576K
}
Event: 2306.150 GC heap before
{Heap before GC invocations=26 (full 7):
 PSYoungGen      total 858112K, used 27258K [0x0000000780700000, 0x00000007bdc00000, 0x00000007c0000000)
  eden space 809472K, 0% used [0x0000000780700000,0x0000000780700000,0x00000007b1d80000)
  from space 48640K, 56% used [0x00000007b1d80000,0x00000007b381e9d0,0x00000007b4d00000)
  to   space 47616K, 0% used [0x00000007bad80000,0x00000007bad80000,0x00000007bdc00000)
 ParOldGen       total 206336K, used 102226K [0x0000000701400000, 0x000000070dd80000, 0x0000000780700000)
  object space 206336K, 49% used [0x0000000701400000,0x00000007077d4880,0x000000070dd80000)
 Metaspace       used 84415K, capacity 86765K, committed 86952K, reserved 1126400K
  class space    used 9140K, capacity 9636K, committed 9648K, reserved 1048576K
Event: 2306.589 GC heap after
Heap after GC invocations=26 (full 7):
 PSYoungGen      total 858112K, used 0K [0x0000000780700000, 0x00000007bdc00000, 0x00000007c0000000)
  eden space 809472K, 0% used [0x0000000780700000,0x0000000780700000,0x00000007b1d80000)
  from space 48640K, 0% used [0x00000007b1d80000,0x00000007b1d80000,0x00000007b4d00000)
  to   space 47616K, 0% used [0x00000007bad80000,0x00000007bad80000,0x00000007bdc00000)
 ParOldGen       total 206336K, used 123771K [0x0000000701400000, 0x000000070dd80000, 0x0000000780700000)
  object space 206336K, 59% used [0x0000000701400000,0x0000000708cdedf8,0x000000070dd80000)
 Metaspace       used 84411K, capacity 86759K, committed 86952K, reserved 1126400K
  class space    used 9140K, capacity 9635K, committed 9648K, reserved 1048576K
}

