# JRE version: Java(TM) SE Runtime Environment (8.0_91-b15) (build 1.8.0_91-b15)
# Java VM: Java HotSpot(TM) 64-Bit Server VM (25.91-b15 mixed mode windows-amd64 compressed oops)
Heap:
 PSYoungGen      total 457216K, used 2473K [0x0000000780700000, 0x000000079ef00000, 0x00000007c0000000)
  eden space 413184K, 0% used [0x0000000780700000,0x000000078096a638,0x0000000799a80000)
  from space 44032K, 0% used [0x0000000799a80000,0x0000000799a80000,0x000000079c580000)
  to   space 42496K, 0% used [0x000000079c580000,0x000000079c580000,0x000000079ef00000)
 ParOldGen       total 239104K, used 132505K [0x0000000701400000, 0x000000070fd80000, 0x0000000780700000)
  object space 239104K, 55% used [0x0000000701400000,0x0000000709566578,0x000000070fd80000)
 Metaspace       used 95418K, capacity 99246K, committed 99328K, reserved 1136640K
  class space    used 10781K, capacity 11486K, committed 11520K, reserved 1048576K
GC Heap History (10 events):
Event: 940.265 GC heap before
{Heap before GC invocations=32 (full 6):
 PSYoungGen      total 430080K, used 22441K [0x0000000780700000, 0x000000079d580000, 0x00000007c0000000)
  eden space 389632K, 0% used [0x0000000780700000,0x0000000780700000,0x0000000798380000)
  from space 40448K, 55% used [0x000000079ae00000,0x000000079c3ea4c0,0x000000079d580000)
  to   space 41984K, 0% used [0x0000000798380000,0x0000000798380000,0x000000079ac80000)
 ParOldGen       total 239104K, used 91851K [0x0000000701400000, 0x000000070fd80000, 0x0000000780700000)
  object space 239104K, 38% used [0x0000000701400000,0x0000000706db2e70,0x000000070fd80000)
 Metaspace       used 91568K, capacity 95170K, committed 95232K, reserved 1132544K
  class space    used 10568K, capacity 11207K, committed 11264K, reserved 1048576K
Event: 940.760 GC heap after
Heap after GC invocations=32 (full 6):
 PSYoungGen      total 430080K, used 0K [0x0000000780700000, 0x000000079d580000, 0x00000007c0000000)
  eden space 389632K, 0% used [0x0000000780700000,0x0000000780700000,0x0000000798380000)
  from space 40448K, 0% used [0x000000079ae00000,0x000000079ae00000,0x000000079d580000)
  to   space 41984K, 0% used [0x0000000798380000,0x0000000798380000,0x000000079ac80000)
 ParOldGen       total 239104K, used 112331K [0x0000000701400000, 0x000000070fd80000, 0x0000000780700000)
  object space 239104K, 46% used [0x0000000701400000,0x00000007081b2f08,0x000000070fd80000)
 Metaspace       used 91564K, capacity 95164K, committed 95232K, reserved 1132544K
  class space    used 10567K, capacity 11206K, committed 11264K, reserved 1048576K
}
Event: 942.439 GC heap before
{Heap before GC invocations=33 (full 6):
 PSYoungGen      total 430080K, used 389632K [0x0000000780700000, 0x000000079d580000, 0x00000007c0000000)
  eden space 389632K, 100% used [0x0000000780700000,0x0000000798380000,0x0000000798380000)
  from space 40448K, 0% used [0x000000079ae00000,0x000000079ae00000,0x000000079d580000)
  to   space 41984K, 0% used [0x0000000798380000,0x0000000798380000,0x000000079ac80000)
 ParOldGen       total 239104K, used 112331K [0x0000000701400000, 0x000000070fd80000, 0x0000000780700000)
  object space 239104K, 46% used [0x0000000701400000,0x00000007081b2f08,0x000000070fd80000)
 Metaspace       used 92963K, capacity 96602K, committed 96896K, reserved 1134592K
  class space    used 10663K, capacity 11327K, committed 11392K, reserved 1048576K
Event: 942.450 GC heap after
Heap after GC invocations=33 (full 6):
 PSYoungGen      total 431616K, used 8937K [0x0000000780700000, 0x000000079ee80000, 0x00000007c0000000)
  eden space 389632K, 0% used [0x0000000780700000,0x0000000780700000,0x0000000798380000)
  from space 41984K, 21% used [0x0000000798380000,0x0000000798c3a6c0,0x000000079ac80000)
  to   space 41984K, 0% used [0x000000079c580000,0x000000079c580000,0x000000079ee80000)
 ParOldGen       total 239104K, used 112339K [0x0000000701400000, 0x000000070fd80000, 0x0000000780700000)
  object space 239104K, 46% used [0x0000000701400000,0x00000007081b4f08,0x000000070fd80000)
 Metaspace       used 92963K, capacity 96602K, committed 96896K, reserved 1134592K
  class space    used 10663K, capacity 11327K, committed 11392K, reserved 1048576K
}
Event: 944.432 GC heap before
{Heap before GC invocations=34 (full 6):
 PSYoungGen      total 431616K, used 398569K [0x0000000780700000, 0x000000079ee80000, 0x00000007c0000000)
  eden space 389632K, 100% used [0x0000000780700000,0x0000000798380000,0x0000000798380000)
  from space 41984K, 21% used [0x0000000798380000,0x0000000798c3a6c0,0x000000079ac80000)
  to   space 41984K, 0% used [0x000000079c580000,0x000000079c580000,0x000000079ee80000)
 ParOldGen       total 239104K, used 112339K [0x0000000701400000, 0x000000070fd80000, 0x0000000780700000)
  object space 239104K, 46% used [0x0000000701400000,0x00000007081b4f08,0x000000070fd80000)
 Metaspace       used 95021K, capacity 98698K, committed 99072K, reserved 1136640K
  class space    used 10745K, capacity 11399K, committed 11520K, reserved 1048576K
Event: 944.457 GC heap after
Heap after GC invocations=34 (full 6):
 PSYoungGen      total 455168K, used 31164K [0x0000000780700000, 0x000000079f200000, 0x00000007c0000000)
  eden space 413184K, 0% used [0x0000000780700000,0x0000000780700000,0x0000000799a80000)
  from space 41984K, 74% used [0x000000079c580000,0x000000079e3ef0b8,0x000000079ee80000)
  to   space 44032K, 0% used [0x0000000799a80000,0x0000000799a80000,0x000000079c580000)
 ParOldGen       total 239104K, used 112347K [0x0000000701400000, 0x000000070fd80000, 0x0000000780700000)
  object space 239104K, 46% used [0x0000000701400000,0x00000007081b6f08,0x000000070fd80000)
 Metaspace       used 95021K, capacity 98698K, committed 99072K, reserved 1136640K
  class space    used 10745K, capacity 11399K, committed 11520K, reserved 1048576K
}
Event: 1030.389 GC heap before
{Heap before GC invocations=35 (full 6):
 PSYoungGen      total 455168K, used 238179K [0x0000000780700000, 0x000000079f200000, 0x00000007c0000000)
  eden space 413184K, 50% used [0x0000000780700000,0x000000078d129b78,0x0000000799a80000)
  from space 41984K, 74% used [0x000000079c580000,0x000000079e3ef0b8,0x000000079ee80000)
  to   space 44032K, 0% used [0x0000000799a80000,0x0000000799a80000,0x000000079c580000)
 ParOldGen       total 239104K, used 112347K [0x0000000701400000, 0x000000070fd80000, 0x0000000780700000)
  object space 239104K, 46% used [0x0000000701400000,0x00000007081b6f08,0x000000070fd80000)
 Metaspace       used 95422K, capacity 99252K, committed 99328K, reserved 1136640K
  class space    used 10782K, capacity 11487K, committed 11520K, reserved 1048576K
Event: 1030.409 GC heap after
Heap after GC invocations=35 (full 6):
 PSYoungGen      total 457216K, used 21904K [0x0000000780700000, 0x000000079ef00000, 0x00000007c0000000)
  eden space 413184K, 0% used [0x0000000780700000,0x0000000780700000,0x0000000799a80000)
  from space 44032K, 49% used [0x0000000799a80000,0x000000079afe4040,0x000000079c580000)
  to   space 42496K, 0% used [0x000000079c580000,0x000000079c580000,0x000000079ef00000)
 ParOldGen       total 239104K, used 112355K [0x0000000701400000, 0x000000070fd80000, 0x0000000780700000)
  object space 239104K, 46% used [0x0000000701400000,0x00000007081b8f08,0x000000070fd80000)
 Metaspace       used 95422K, capacity 99252K, committed 99328K, reserved 1136640K
  class space    used 10782K, capacity 11487K, committed 11520K, reserved 1048576K
}
Event: 1030.409 GC heap before
{Heap before GC invocations=36 (full 7):
 PSYoungGen      total 457216K, used 21904K [0x0000000780700000, 0x000000079ef00000, 0x00000007c0000000)
  eden space 413184K, 0% used [0x0000000780700000,0x0000000780700000,0x0000000799a80000)
  from space 44032K, 49% used [0x0000000799a80000,0x000000079afe4040,0x000000079c580000)
  to   space 42496K, 0% used [0x000000079c580000,0x000000079c580000,0x000000079ef00000)
 ParOldGen       total 239104K, used 112355K [0x0000000701400000, 0x000000070fd80000, 0x0000000780700000)
  object space 239104K, 46% used [0x0000000701400000,0x00000007081b8f08,0x000000070fd80000)
 Metaspace       used 95422K, capacity 99252K, committed 99328K, reserved 1136640K
  class space    used 10782K, capacity 11487K, committed 11520K, reserved 1048576K
Event: 1030.838 GC heap after
Heap after GC invocations=36 (full 7):
 PSYoungGen      total 457216K, used 0K [0x0000000780700000, 0x000000079ef00000, 0x00000007c0000000)
  eden space 413184K, 0% used [0x0000000780700000,0x0000000780700000,0x0000000799a80000)
  from space 44032K, 0% used [0x0000000799a80000,0x0000000799a80000,0x000000079c580000)
  to   space 42496K, 0% used [0x000000079c580000,0x000000079c580000,0x000000079ef00000)
 ParOldGen       total 239104K, used 132505K [0x0000000701400000, 0x000000070fd80000, 0x0000000780700000)
  object space 239104K, 55% used [0x0000000701400000,0x0000000709566578,0x000000070fd80000)
 Metaspace       used 95418K, capacity 99246K, committed 99328K, reserved 1136640K
  class space    used 10781K, capacity 11486K, committed 11520K, reserved 1048576K
}

