# JRE version: Java(TM) SE Runtime Environment (8.0_91-b15) (build 1.8.0_91-b15)
# Java VM: Java HotSpot(TM) 64-Bit Server VM (25.91-b15 mixed mode windows-amd64 compressed oops)
Heap:
 PSYoungGen      total 685568K, used 8891K [0x0000000780700000, 0x00000007adf80000, 0x00000007c0000000)
  eden space 675328K, 1% used [0x0000000780700000,0x0000000780faefd0,0x00000007a9a80000)
  from space 10240K, 0% used [0x00000007ad580000,0x00000007ad580000,0x00000007adf80000)
  to   space 35328K, 0% used [0x00000007a9a80000,0x00000007a9a80000,0x00000007abd00000)
 ParOldGen       total 193536K, used 57749K [0x0000000701400000, 0x000000070d100000, 0x0000000780700000)
  object space 193536K, 29% used [0x0000000701400000,0x0000000704c654c0,0x000000070d100000)
 Metaspace       used 66578K, capacity 68066K, committed 68272K, reserved 1110016K
  class space    used 8073K, capacity 8367K, committed 8368K, reserved 1048576K
GC Heap History (10 events):
Event: 9.065 GC heap before
{Heap before GC invocations=10 (full 2):
 PSYoungGen      total 348160K, used 335360K [0x0000000780700000, 0x00000007a2c80000, 0x00000007c0000000)
  eden space 335360K, 100% used [0x0000000780700000,0x0000000794e80000,0x0000000794e80000)
  from space 12800K, 0% used [0x0000000794e80000,0x0000000794e80000,0x0000000795b00000)
  to   space 16896K, 0% used [0x00000007a1c00000,0x00000007a1c00000,0x00000007a2c80000)
 ParOldGen       total 113664K, used 24210K [0x0000000701400000, 0x0000000708300000, 0x0000000780700000)
  object space 113664K, 21% used [0x0000000701400000,0x0000000702ba4a58,0x0000000708300000)
 Metaspace       used 46096K, capacity 46660K, committed 47024K, reserved 1091584K
  class space    used 5653K, capacity 5789K, committed 5808K, reserved 1048576K
Event: 9.084 GC heap after
Heap after GC invocations=10 (full 2):
 PSYoungGen      total 540672K, used 16890K [0x0000000780700000, 0x00000007a3d80000, 0x00000007c0000000)
  eden space 523776K, 0% used [0x0000000780700000,0x0000000780700000,0x00000007a0680000)
  from space 16896K, 99% used [0x00000007a1c00000,0x00000007a2c7e920,0x00000007a2c80000)
  to   space 22016K, 0% used [0x00000007a0680000,0x00000007a0680000,0x00000007a1c00000)
 ParOldGen       total 113664K, used 30020K [0x0000000701400000, 0x0000000708300000, 0x0000000780700000)
  object space 113664K, 26% used [0x0000000701400000,0x0000000703151388,0x0000000708300000)
 Metaspace       used 46096K, capacity 46660K, committed 47024K, reserved 1091584K
  class space    used 5653K, capacity 5789K, committed 5808K, reserved 1048576K
}
Event: 12.968 GC heap before
{Heap before GC invocations=11 (full 2):
 PSYoungGen      total 540672K, used 537088K [0x0000000780700000, 0x00000007a3d80000, 0x00000007c0000000)
  eden space 523776K, 99% used [0x0000000780700000,0x00000007a0301930,0x00000007a0680000)
  from space 16896K, 99% used [0x00000007a1c00000,0x00000007a2c7e920,0x00000007a2c80000)
  to   space 22016K, 0% used [0x00000007a0680000,0x00000007a0680000,0x00000007a1c00000)
 ParOldGen       total 113664K, used 30020K [0x0000000701400000, 0x0000000708300000, 0x0000000780700000)
  object space 113664K, 26% used [0x0000000701400000,0x0000000703151388,0x0000000708300000)
 Metaspace       used 58125K, capacity 58882K, committed 59160K, reserved 1101824K
  class space    used 7071K, capacity 7244K, committed 7344K, reserved 1048576K
Event: 13.026 GC heap after
Heap after GC invocations=11 (full 2):
 PSYoungGen      total 545792K, used 21992K [0x0000000780700000, 0x00000007af900000, 0x00000007c0000000)
  eden space 523776K, 0% used [0x0000000780700000,0x0000000780700000,0x00000007a0680000)
  from space 22016K, 99% used [0x00000007a0680000,0x00000007a1bfa030,0x00000007a1c00000)
  to   space 36352K, 0% used [0x00000007ad580000,0x00000007ad580000,0x00000007af900000)
 ParOldGen       total 113664K, used 57941K [0x0000000701400000, 0x0000000708300000, 0x0000000780700000)
  object space 113664K, 50% used [0x0000000701400000,0x0000000704c955a0,0x0000000708300000)
 Metaspace       used 58125K, capacity 58882K, committed 59160K, reserved 1101824K
  class space    used 7071K, capacity 7244K, committed 7344K, reserved 1048576K
}
Event: 13.026 GC heap before
{Heap before GC invocations=12 (full 3):
 PSYoungGen      total 545792K, used 21992K [0x0000000780700000, 0x00000007af900000, 0x00000007c0000000)
  eden space 523776K, 0% used [0x0000000780700000,0x0000000780700000,0x00000007a0680000)
  from space 22016K, 99% used [0x00000007a0680000,0x00000007a1bfa030,0x00000007a1c00000)
  to   space 36352K, 0% used [0x00000007ad580000,0x00000007ad580000,0x00000007af900000)
 ParOldGen       total 113664K, used 57941K [0x0000000701400000, 0x0000000708300000, 0x0000000780700000)
  object space 113664K, 50% used [0x0000000701400000,0x0000000704c955a0,0x0000000708300000)
 Metaspace       used 58125K, capacity 58882K, committed 59160K, reserved 1101824K
  class space    used 7071K, capacity 7244K, committed 7344K, reserved 1048576K
Event: 13.376 GC heap after
Heap after GC invocations=12 (full 3):
 PSYoungGen      total 545792K, used 0K [0x0000000780700000, 0x00000007af900000, 0x00000007c0000000)
  eden space 523776K, 0% used [0x0000000780700000,0x0000000780700000,0x00000007a0680000)
  from space 22016K, 0% used [0x00000007a0680000,0x00000007a0680000,0x00000007a1c00000)
  to   space 36352K, 0% used [0x00000007ad580000,0x00000007ad580000,0x00000007af900000)
 ParOldGen       total 193536K, used 67098K [0x0000000701400000, 0x000000070d100000, 0x0000000780700000)
  object space 193536K, 34% used [0x0000000701400000,0x0000000705586b60,0x000000070d100000)
 Metaspace       used 58121K, capacity 58876K, committed 59160K, reserved 1101824K
  class space    used 7070K, capacity 7243K, committed 7344K, reserved 1048576K
}
Event: 111.042 GC heap before
{Heap before GC invocations=13 (full 3):
 PSYoungGen      total 545792K, used 341477K [0x0000000780700000, 0x00000007af900000, 0x00000007c0000000)
  eden space 523776K, 65% used [0x0000000780700000,0x0000000795479610,0x00000007a0680000)
  from space 22016K, 0% used [0x00000007a0680000,0x00000007a0680000,0x00000007a1c00000)
  to   space 36352K, 0% used [0x00000007ad580000,0x00000007ad580000,0x00000007af900000)
 ParOldGen       total 193536K, used 67098K [0x0000000701400000, 0x000000070d100000, 0x0000000780700000)
  object space 193536K, 34% used [0x0000000701400000,0x0000000705586b60,0x000000070d100000)
 Metaspace       used 66565K, capacity 68066K, committed 68272K, reserved 1110016K
  class space    used 8071K, capacity 8367K, committed 8368K, reserved 1048576K
Event: 111.053 GC heap after
Heap after GC invocations=13 (full 3):
 PSYoungGen      total 685568K, used 9105K [0x0000000780700000, 0x00000007adf80000, 0x00000007c0000000)
  eden space 675328K, 0% used [0x0000000780700000,0x0000000780700000,0x00000007a9a80000)
  from space 10240K, 88% used [0x00000007ad580000,0x00000007ade647b0,0x00000007adf80000)
  to   space 35328K, 0% used [0x00000007a9a80000,0x00000007a9a80000,0x00000007abd00000)
 ParOldGen       total 193536K, used 67106K [0x0000000701400000, 0x000000070d100000, 0x0000000780700000)
  object space 193536K, 34% used [0x0000000701400000,0x0000000705588b60,0x000000070d100000)
 Metaspace       used 66565K, capacity 68066K, committed 68272K, reserved 1110016K
  class space    used 8071K, capacity 8367K, committed 8368K, reserved 1048576K
}
Event: 111.053 GC heap before
{Heap before GC invocations=14 (full 4):
 PSYoungGen      total 685568K, used 9105K [0x0000000780700000, 0x00000007adf80000, 0x00000007c0000000)
  eden space 675328K, 0% used [0x0000000780700000,0x0000000780700000,0x00000007a9a80000)
  from space 10240K, 88% used [0x00000007ad580000,0x00000007ade647b0,0x00000007adf80000)
  to   space 35328K, 0% used [0x00000007a9a80000,0x00000007a9a80000,0x00000007abd00000)
 ParOldGen       total 193536K, used 67106K [0x0000000701400000, 0x000000070d100000, 0x0000000780700000)
  object space 193536K, 34% used [0x0000000701400000,0x0000000705588b60,0x000000070d100000)
 Metaspace       used 66565K, capacity 68066K, committed 68272K, reserved 1110016K
  class space    used 8071K, capacity 8367K, committed 8368K, reserved 1048576K
Event: 111.456 GC heap after
Heap after GC invocations=14 (full 4):
 PSYoungGen      total 685568K, used 0K [0x0000000780700000, 0x00000007adf80000, 0x00000007c0000000)
  eden space 675328K, 0% used [0x0000000780700000,0x0000000780700000,0x00000007a9a80000)
  from space 10240K, 0% used [0x00000007ad580000,0x00000007ad580000,0x00000007adf80000)
  to   space 35328K, 0% used [0x00000007a9a80000,0x00000007a9a80000,0x00000007abd00000)
 ParOldGen       total 193536K, used 57749K [0x0000000701400000, 0x000000070d100000, 0x0000000780700000)
  object space 193536K, 29% used [0x0000000701400000,0x0000000704c654c0,0x000000070d100000)
 Metaspace       used 66565K, capacity 68066K, committed 68272K, reserved 1110016K
  class space    used 8071K, capacity 8367K, committed 8368K, reserved 1048576K
}

