# JRE version: Java(TM) SE Runtime Environment (8.0_91-b15) (build 1.8.0_91-b15)
# Java VM: Java HotSpot(TM) 64-Bit Server VM (25.91-b15 mixed mode windows-amd64 compressed oops)
Heap:
 PSYoungGen      total 999424K, used 3972K [0x0000000780700000, 0x00000007c0000000, 0x00000007c0000000)
  eden space 961536K, 0% used [0x0000000780700000,0x0000000780ae13b8,0x00000007bb200000)
  from space 37888K, 0% used [0x00000007bdb00000,0x00000007bdb00000,0x00000007c0000000)
  to   space 39936K, 0% used [0x00000007bb200000,0x00000007bb200000,0x00000007bd900000)
 ParOldGen       total 200704K, used 80946K [0x0000000701400000, 0x000000070d800000, 0x0000000780700000)
  object space 200704K, 40% used [0x0000000701400000,0x000000070630c8d8,0x000000070d800000)
 Metaspace       used 75084K, capacity 76658K, committed 76800K, reserved 1118208K
  class space    used 8609K, capacity 8944K, committed 8960K, reserved 1048576K
GC Heap History (10 events):
Event: 436.953 GC heap before
{Heap before GC invocations=15 (full 3):
 PSYoungGen      total 645120K, used 137704K [0x0000000780700000, 0x00000007b4080000, 0x00000007c0000000)
  eden space 610816K, 20% used [0x0000000780700000,0x000000078807abc8,0x00000007a5b80000)
  from space 34304K, 38% used [0x00000007a5b80000,0x00000007a687f640,0x00000007a7d00000)
  to   space 32768K, 0% used [0x00000007b2080000,0x00000007b2080000,0x00000007b4080000)
 ParOldGen       total 200704K, used 67338K [0x0000000701400000, 0x000000070d800000, 0x0000000780700000)
  object space 200704K, 33% used [0x0000000701400000,0x00000007055c2b58,0x000000070d800000)
 Metaspace       used 69923K, capacity 71074K, committed 71424K, reserved 1112064K
  class space    used 8338K, capacity 8605K, committed 8704K, reserved 1048576K
Event: 436.962 GC heap after
Heap after GC invocations=15 (full 3):
 PSYoungGen      total 812544K, used 6216K [0x0000000780700000, 0x00000007b4080000, 0x00000007c0000000)
  eden space 779776K, 0% used [0x0000000780700000,0x0000000780700000,0x00000007b0080000)
  from space 32768K, 18% used [0x00000007b2080000,0x00000007b26920b0,0x00000007b4080000)
  to   space 32768K, 0% used [0x00000007b0080000,0x00000007b0080000,0x00000007b2080000)
 ParOldGen       total 200704K, used 67346K [0x0000000701400000, 0x000000070d800000, 0x0000000780700000)
  object space 200704K, 33% used [0x0000000701400000,0x00000007055c4b58,0x000000070d800000)
 Metaspace       used 69923K, capacity 71074K, committed 71424K, reserved 1112064K
  class space    used 8338K, capacity 8605K, committed 8704K, reserved 1048576K
}
Event: 436.962 GC heap before
{Heap before GC invocations=16 (full 4):
 PSYoungGen      total 812544K, used 6216K [0x0000000780700000, 0x00000007b4080000, 0x00000007c0000000)
  eden space 779776K, 0% used [0x0000000780700000,0x0000000780700000,0x00000007b0080000)
  from space 32768K, 18% used [0x00000007b2080000,0x00000007b26920b0,0x00000007b4080000)
  to   space 32768K, 0% used [0x00000007b0080000,0x00000007b0080000,0x00000007b2080000)
 ParOldGen       total 200704K, used 67346K [0x0000000701400000, 0x000000070d800000, 0x0000000780700000)
  object space 200704K, 33% used [0x0000000701400000,0x00000007055c4b58,0x000000070d800000)
 Metaspace       used 69923K, capacity 71074K, committed 71424K, reserved 1112064K
  class space    used 8338K, capacity 8605K, committed 8704K, reserved 1048576K
Event: 437.399 GC heap after
Heap after GC invocations=16 (full 4):
 PSYoungGen      total 812544K, used 0K [0x0000000780700000, 0x00000007b4080000, 0x00000007c0000000)
  eden space 779776K, 0% used [0x0000000780700000,0x0000000780700000,0x00000007b0080000)
  from space 32768K, 0% used [0x00000007b2080000,0x00000007b2080000,0x00000007b4080000)
  to   space 32768K, 0% used [0x00000007b0080000,0x00000007b0080000,0x00000007b2080000)
 ParOldGen       total 200704K, used 59271K [0x0000000701400000, 0x000000070d800000, 0x0000000780700000)
  object space 200704K, 29% used [0x0000000701400000,0x0000000704de1ef8,0x000000070d800000)
 Metaspace       used 69923K, capacity 71074K, committed 71424K, reserved 1112064K
  class space    used 8338K, capacity 8605K, committed 8704K, reserved 1048576K
}
Event: 442.429 GC heap before
{Heap before GC invocations=17 (full 4):
 PSYoungGen      total 812544K, used 779776K [0x0000000780700000, 0x00000007b4080000, 0x00000007c0000000)
  eden space 779776K, 100% used [0x0000000780700000,0x00000007b0080000,0x00000007b0080000)
  from space 32768K, 0% used [0x00000007b2080000,0x00000007b2080000,0x00000007b4080000)
  to   space 32768K, 0% used [0x00000007b0080000,0x00000007b0080000,0x00000007b2080000)
 ParOldGen       total 200704K, used 59271K [0x0000000701400000, 0x000000070d800000, 0x0000000780700000)
  object space 200704K, 29% used [0x0000000701400000,0x0000000704de1ef8,0x000000070d800000)
 Metaspace       used 73637K, capacity 74918K, committed 75136K, reserved 1116160K
  class space    used 8524K, capacity 8797K, committed 8832K, reserved 1048576K
Event: 442.469 GC heap after
Heap after GC invocations=17 (full 4):
 PSYoungGen      total 812544K, used 32737K [0x0000000780700000, 0x00000007c0000000, 0x00000007c0000000)
  eden space 779776K, 0% used [0x0000000780700000,0x0000000780700000,0x00000007b0080000)
  from space 32768K, 99% used [0x00000007b0080000,0x00000007b2078598,0x00000007b2080000)
  to   space 37888K, 0% used [0x00000007bdb00000,0x00000007bdb00000,0x00000007c0000000)
 ParOldGen       total 200704K, used 60000K [0x0000000701400000, 0x000000070d800000, 0x0000000780700000)
  object space 200704K, 29% used [0x0000000701400000,0x0000000704e981b0,0x000000070d800000)
 Metaspace       used 73637K, capacity 74918K, committed 75136K, reserved 1116160K
  class space    used 8524K, capacity 8797K, committed 8832K, reserved 1048576K
}
Event: 635.723 GC heap before
{Heap before GC invocations=18 (full 4):
 PSYoungGen      total 812544K, used 436506K [0x0000000780700000, 0x00000007c0000000, 0x00000007c0000000)
  eden space 779776K, 51% used [0x0000000780700000,0x000000079914e4d8,0x00000007b0080000)
  from space 32768K, 99% used [0x00000007b0080000,0x00000007b2078598,0x00000007b2080000)
  to   space 37888K, 0% used [0x00000007bdb00000,0x00000007bdb00000,0x00000007c0000000)
 ParOldGen       total 200704K, used 60000K [0x0000000701400000, 0x000000070d800000, 0x0000000780700000)
  object space 200704K, 29% used [0x0000000701400000,0x0000000704e981b0,0x000000070d800000)
 Metaspace       used 75084K, capacity 76664K, committed 76800K, reserved 1118208K
  class space    used 8609K, capacity 8945K, committed 8960K, reserved 1048576K
Event: 635.741 GC heap after
Heap after GC invocations=18 (full 4):
 PSYoungGen      total 999424K, used 28168K [0x0000000780700000, 0x00000007c0000000, 0x00000007c0000000)
  eden space 961536K, 0% used [0x0000000780700000,0x0000000780700000,0x00000007bb200000)
  from space 37888K, 74% used [0x00000007bdb00000,0x00000007bf6823e0,0x00000007c0000000)
  to   space 39936K, 0% used [0x00000007bb200000,0x00000007bb200000,0x00000007bd900000)
 ParOldGen       total 200704K, used 60008K [0x0000000701400000, 0x000000070d800000, 0x0000000780700000)
  object space 200704K, 29% used [0x0000000701400000,0x0000000704e9a1b0,0x000000070d800000)
 Metaspace       used 75084K, capacity 76664K, committed 76800K, reserved 1118208K
  class space    used 8609K, capacity 8945K, committed 8960K, reserved 1048576K
}
Event: 635.741 GC heap before
{Heap before GC invocations=19 (full 5):
 PSYoungGen      total 999424K, used 28168K [0x0000000780700000, 0x00000007c0000000, 0x00000007c0000000)
  eden space 961536K, 0% used [0x0000000780700000,0x0000000780700000,0x00000007bb200000)
  from space 37888K, 74% used [0x00000007bdb00000,0x00000007bf6823e0,0x00000007c0000000)
  to   space 39936K, 0% used [0x00000007bb200000,0x00000007bb200000,0x00000007bd900000)
 ParOldGen       total 200704K, used 60008K [0x0000000701400000, 0x000000070d800000, 0x0000000780700000)
  object space 200704K, 29% used [0x0000000701400000,0x0000000704e9a1b0,0x000000070d800000)
 Metaspace       used 75084K, capacity 76664K, committed 76800K, reserved 1118208K
  class space    used 8609K, capacity 8945K, committed 8960K, reserved 1048576K
Event: 636.054 GC heap after
Heap after GC invocations=19 (full 5):
 PSYoungGen      total 999424K, used 0K [0x0000000780700000, 0x00000007c0000000, 0x00000007c0000000)
  eden space 961536K, 0% used [0x0000000780700000,0x0000000780700000,0x00000007bb200000)
  from space 37888K, 0% used [0x00000007bdb00000,0x00000007bdb00000,0x00000007c0000000)
  to   space 39936K, 0% used [0x00000007bb200000,0x00000007bb200000,0x00000007bd900000)
 ParOldGen       total 200704K, used 80946K [0x0000000701400000, 0x000000070d800000, 0x0000000780700000)
  object space 200704K, 40% used [0x0000000701400000,0x000000070630c8d8,0x000000070d800000)
 Metaspace       used 75080K, capacity 76658K, committed 76800K, reserved 1118208K
  class space    used 8609K, capacity 8944K, committed 8960K, reserved 1048576K
}

