# JRE version: Java(TM) SE Runtime Environment (8.0_91-b15) (build 1.8.0_91-b15)
# Java VM: Java HotSpot(TM) 64-Bit Server VM (25.91-b15 mixed mode windows-amd64 compressed oops)
Heap:
 PSYoungGen      total 842240K, used 6594K [0x0000000780700000, 0x00000007b6700000, 0x00000007c0000000)
  eden space 807424K, 0% used [0x0000000780700000,0x0000000780d709e0,0x00000007b1b80000)
  from space 34816K, 0% used [0x00000007b4000000,0x00000007b4000000,0x00000007b6200000)
  to   space 37376K, 0% used [0x00000007b1b80000,0x00000007b1b80000,0x00000007b4000000)
 ParOldGen       total 200192K, used 80982K [0x0000000701400000, 0x000000070d780000, 0x0000000780700000)
  object space 200192K, 40% used [0x0000000701400000,0x0000000706315898,0x000000070d780000)
 Metaspace       used 75056K, capacity 76598K, committed 76840K, reserved 1118208K
  class space    used 8608K, capacity 8944K, committed 9008K, reserved 1048576K
GC Heap History (10 events):
Event: 187.761 GC heap before
{Heap before GC invocations=13 (full 3):
 PSYoungGen      total 524800K, used 468737K [0x0000000780700000, 0x00000007ad300000, 0x00000007c0000000)
  eden space 502784K, 93% used [0x0000000780700000,0x000000079d0c0798,0x000000079f200000)
  from space 22016K, 0% used [0x000000079f200000,0x000000079f200000,0x00000007a0780000)
  to   space 36352K, 0% used [0x00000007aaf80000,0x00000007aaf80000,0x00000007ad300000)
 ParOldGen       total 200192K, used 68573K [0x0000000701400000, 0x000000070d780000, 0x0000000780700000)
  object space 200192K, 34% used [0x0000000701400000,0x00000007056f77f8,0x000000070d780000)
 Metaspace       used 70045K, capacity 71240K, committed 71592K, reserved 1112064K
  class space    used 8350K, capacity 8612K, committed 8624K, reserved 1048576K
Event: 187.772 GC heap after
Heap after GC invocations=13 (full 3):
 PSYoungGen      total 664064K, used 13843K [0x0000000780700000, 0x00000007ac100000, 0x00000007c0000000)
  eden space 646144K, 0% used [0x0000000780700000,0x0000000780700000,0x00000007a7e00000)
  from space 17920K, 77% used [0x00000007aaf80000,0x00000007abd04f58,0x00000007ac100000)
  to   space 34304K, 0% used [0x00000007a7e00000,0x00000007a7e00000,0x00000007a9f80000)
 ParOldGen       total 200192K, used 68589K [0x0000000701400000, 0x000000070d780000, 0x0000000780700000)
  object space 200192K, 34% used [0x0000000701400000,0x00000007056fb7f8,0x000000070d780000)
 Metaspace       used 70045K, capacity 71240K, committed 71592K, reserved 1112064K
  class space    used 8350K, capacity 8612K, committed 8624K, reserved 1048576K
}
Event: 187.772 GC heap before
{Heap before GC invocations=14 (full 4):
 PSYoungGen      total 664064K, used 13843K [0x0000000780700000, 0x00000007ac100000, 0x00000007c0000000)
  eden space 646144K, 0% used [0x0000000780700000,0x0000000780700000,0x00000007a7e00000)
  from space 17920K, 77% used [0x00000007aaf80000,0x00000007abd04f58,0x00000007ac100000)
  to   space 34304K, 0% used [0x00000007a7e00000,0x00000007a7e00000,0x00000007a9f80000)
 ParOldGen       total 200192K, used 68589K [0x0000000701400000, 0x000000070d780000, 0x0000000780700000)
  object space 200192K, 34% used [0x0000000701400000,0x00000007056fb7f8,0x000000070d780000)
 Metaspace       used 70045K, capacity 71240K, committed 71592K, reserved 1112064K
  class space    used 8350K, capacity 8612K, committed 8624K, reserved 1048576K
Event: 188.034 GC heap after
Heap after GC invocations=14 (full 4):
 PSYoungGen      total 664064K, used 0K [0x0000000780700000, 0x00000007ac100000, 0x00000007c0000000)
  eden space 646144K, 0% used [0x0000000780700000,0x0000000780700000,0x00000007a7e00000)
  from space 17920K, 0% used [0x00000007aaf80000,0x00000007aaf80000,0x00000007ac100000)
  to   space 34304K, 0% used [0x00000007a7e00000,0x00000007a7e00000,0x00000007a9f80000)
 ParOldGen       total 200192K, used 65206K [0x0000000701400000, 0x000000070d780000, 0x0000000780700000)
  object space 200192K, 32% used [0x0000000701400000,0x00000007053adb90,0x000000070d780000)
 Metaspace       used 70045K, capacity 71240K, committed 71592K, reserved 1112064K
  class space    used 8350K, capacity 8612K, committed 8624K, reserved 1048576K
}
Event: 191.525 GC heap before
{Heap before GC invocations=15 (full 4):
 PSYoungGen      total 664064K, used 646144K [0x0000000780700000, 0x00000007ac100000, 0x00000007c0000000)
  eden space 646144K, 100% used [0x0000000780700000,0x00000007a7e00000,0x00000007a7e00000)
  from space 17920K, 0% used [0x00000007aaf80000,0x00000007aaf80000,0x00000007ac100000)
  to   space 34304K, 0% used [0x00000007a7e00000,0x00000007a7e00000,0x00000007a9f80000)
 ParOldGen       total 200192K, used 65206K [0x0000000701400000, 0x000000070d780000, 0x0000000780700000)
  object space 200192K, 32% used [0x0000000701400000,0x00000007053adb90,0x000000070d780000)
 Metaspace       used 72824K, capacity 74110K, committed 74408K, reserved 1114112K
  class space    used 8490K, capacity 8763K, committed 8880K, reserved 1048576K
Event: 191.548 GC heap after
Heap after GC invocations=15 (full 4):
 PSYoungGen      total 680448K, used 21899K [0x0000000780700000, 0x00000007b6200000, 0x00000007c0000000)
  eden space 646144K, 0% used [0x0000000780700000,0x0000000780700000,0x00000007a7e00000)
  from space 34304K, 63% used [0x00000007a7e00000,0x00000007a9362f10,0x00000007a9f80000)
  to   space 34816K, 0% used [0x00000007b4000000,0x00000007b4000000,0x00000007b6200000)
 ParOldGen       total 200192K, used 65214K [0x0000000701400000, 0x000000070d780000, 0x0000000780700000)
  object space 200192K, 32% used [0x0000000701400000,0x00000007053afb90,0x000000070d780000)
 Metaspace       used 72824K, capacity 74110K, committed 74408K, reserved 1114112K
  class space    used 8490K, capacity 8763K, committed 8880K, reserved 1048576K
}
Event: 364.957 GC heap before
{Heap before GC invocations=16 (full 4):
 PSYoungGen      total 680448K, used 558379K [0x0000000780700000, 0x00000007b6200000, 0x00000007c0000000)
  eden space 646144K, 83% used [0x0000000780700000,0x00000007a12e7fa0,0x00000007a7e00000)
  from space 34304K, 63% used [0x00000007a7e00000,0x00000007a9362f10,0x00000007a9f80000)
  to   space 34816K, 0% used [0x00000007b4000000,0x00000007b4000000,0x00000007b6200000)
 ParOldGen       total 200192K, used 65214K [0x0000000701400000, 0x000000070d780000, 0x0000000780700000)
  object space 200192K, 32% used [0x0000000701400000,0x00000007053afb90,0x000000070d780000)
 Metaspace       used 75060K, capacity 76604K, committed 76840K, reserved 1118208K
  class space    used 8609K, capacity 8945K, committed 9008K, reserved 1048576K
Event: 364.973 GC heap after
Heap after GC invocations=16 (full 4):
 PSYoungGen      total 842240K, used 28253K [0x0000000780700000, 0x00000007b6700000, 0x00000007c0000000)
  eden space 807424K, 0% used [0x0000000780700000,0x0000000780700000,0x00000007b1b80000)
  from space 34816K, 81% used [0x00000007b4000000,0x00000007b5b975b8,0x00000007b6200000)
  to   space 37376K, 0% used [0x00000007b1b80000,0x00000007b1b80000,0x00000007b4000000)
 ParOldGen       total 200192K, used 65222K [0x0000000701400000, 0x000000070d780000, 0x0000000780700000)
  object space 200192K, 32% used [0x0000000701400000,0x00000007053b1b90,0x000000070d780000)
 Metaspace       used 75060K, capacity 76604K, committed 76840K, reserved 1118208K
  class space    used 8609K, capacity 8945K, committed 9008K, reserved 1048576K
}
Event: 364.973 GC heap before
{Heap before GC invocations=17 (full 5):
 PSYoungGen      total 842240K, used 28253K [0x0000000780700000, 0x00000007b6700000, 0x00000007c0000000)
  eden space 807424K, 0% used [0x0000000780700000,0x0000000780700000,0x00000007b1b80000)
  from space 34816K, 81% used [0x00000007b4000000,0x00000007b5b975b8,0x00000007b6200000)
  to   space 37376K, 0% used [0x00000007b1b80000,0x00000007b1b80000,0x00000007b4000000)
 ParOldGen       total 200192K, used 65222K [0x0000000701400000, 0x000000070d780000, 0x0000000780700000)
  object space 200192K, 32% used [0x0000000701400000,0x00000007053b1b90,0x000000070d780000)
 Metaspace       used 75060K, capacity 76604K, committed 76840K, reserved 1118208K
  class space    used 8609K, capacity 8945K, committed 9008K, reserved 1048576K
Event: 365.272 GC heap after
Heap after GC invocations=17 (full 5):
 PSYoungGen      total 842240K, used 0K [0x0000000780700000, 0x00000007b6700000, 0x00000007c0000000)
  eden space 807424K, 0% used [0x0000000780700000,0x0000000780700000,0x00000007b1b80000)
  from space 34816K, 0% used [0x00000007b4000000,0x00000007b4000000,0x00000007b6200000)
  to   space 37376K, 0% used [0x00000007b1b80000,0x00000007b1b80000,0x00000007b4000000)
 ParOldGen       total 200192K, used 80982K [0x0000000701400000, 0x000000070d780000, 0x0000000780700000)
  object space 200192K, 40% used [0x0000000701400000,0x0000000706315898,0x000000070d780000)
 Metaspace       used 75056K, capacity 76598K, committed 76840K, reserved 1118208K
  class space    used 8608K, capacity 8944K, committed 9008K, reserved 1048576K
}

