# JRE version: Java(TM) SE Runtime Environment (8.0_91-b15) (build 1.8.0_91-b15)
# Java VM: Java HotSpot(TM) 64-Bit Server VM (25.91-b15 mixed mode windows-amd64 compressed oops)
Heap:
 PSYoungGen      total 449536K, used 3021K [0x0000000780700000, 0x000000079f500000, 0x00000007c0000000)
  eden space 427008K, 0% used [0x0000000780700000,0x00000007809f3728,0x000000079a800000)
  from space 22528K, 0% used [0x000000079a800000,0x000000079a800000,0x000000079be00000)
  to   space 39424K, 0% used [0x000000079ce80000,0x000000079ce80000,0x000000079f500000)
 ParOldGen       total 246272K, used 91703K [0x0000000701400000, 0x0000000710480000, 0x0000000780700000)
  object space 246272K, 37% used [0x0000000701400000,0x0000000706d8dc70,0x0000000710480000)
 Metaspace       used 74184K, capacity 75832K, committed 76032K, reserved 1116160K
  class space    used 8368K, capacity 8674K, committed 8704K, reserved 1048576K
GC Heap History (10 events):
Event: 158.088 GC heap before
{Heap before GC invocations=23 (full 5):
 PSYoungGen      total 436224K, used 23173K [0x0000000780700000, 0x000000079d800000, 0x00000007c0000000)
  eden space 397824K, 0% used [0x0000000780700000,0x0000000780700000,0x0000000798b80000)
  from space 38400K, 60% used [0x000000079b180000,0x000000079c821688,0x000000079d700000)
  to   space 38912K, 0% used [0x0000000798b80000,0x0000000798b80000,0x000000079b180000)
 ParOldGen       total 246272K, used 53854K [0x0000000701400000, 0x0000000710480000, 0x0000000780700000)
  object space 246272K, 21% used [0x0000000701400000,0x0000000704897af0,0x0000000710480000)
 Metaspace       used 69938K, capacity 71290K, committed 71424K, reserved 1112064K
  class space    used 8143K, capacity 8408K, committed 8448K, reserved 1048576K
Event: 158.493 GC heap after
Heap after GC invocations=23 (full 5):
 PSYoungGen      total 436224K, used 0K [0x0000000780700000, 0x000000079d800000, 0x00000007c0000000)
  eden space 397824K, 0% used [0x0000000780700000,0x0000000780700000,0x0000000798b80000)
  from space 38400K, 0% used [0x000000079b180000,0x000000079b180000,0x000000079d700000)
  to   space 38912K, 0% used [0x0000000798b80000,0x0000000798b80000,0x000000079b180000)
 ParOldGen       total 246272K, used 71543K [0x0000000701400000, 0x0000000710480000, 0x0000000780700000)
  object space 246272K, 29% used [0x0000000701400000,0x00000007059dde50,0x0000000710480000)
 Metaspace       used 69935K, capacity 71284K, committed 71424K, reserved 1112064K
  class space    used 8142K, capacity 8407K, committed 8448K, reserved 1048576K
}
Event: 161.105 GC heap before
{Heap before GC invocations=24 (full 5):
 PSYoungGen      total 436224K, used 397824K [0x0000000780700000, 0x000000079d800000, 0x00000007c0000000)
  eden space 397824K, 100% used [0x0000000780700000,0x0000000798b80000,0x0000000798b80000)
  from space 38400K, 0% used [0x000000079b180000,0x000000079b180000,0x000000079d700000)
  to   space 38912K, 0% used [0x0000000798b80000,0x0000000798b80000,0x000000079b180000)
 ParOldGen       total 246272K, used 71543K [0x0000000701400000, 0x0000000710480000, 0x0000000780700000)
  object space 246272K, 29% used [0x0000000701400000,0x00000007059dde50,0x0000000710480000)
 Metaspace       used 71414K, capacity 72938K, committed 73088K, reserved 1114112K
  class space    used 8240K, capacity 8532K, committed 8576K, reserved 1048576K
Event: 161.119 GC heap after
Heap after GC invocations=24 (full 5):
 PSYoungGen      total 436736K, used 9958K [0x0000000780700000, 0x000000079f700000, 0x00000007c0000000)
  eden space 397824K, 0% used [0x0000000780700000,0x0000000780700000,0x0000000798b80000)
  from space 38912K, 25% used [0x0000000798b80000,0x00000007995399f8,0x000000079b180000)
  to   space 37376K, 0% used [0x000000079d280000,0x000000079d280000,0x000000079f700000)
 ParOldGen       total 246272K, used 71551K [0x0000000701400000, 0x0000000710480000, 0x0000000780700000)
  object space 246272K, 29% used [0x0000000701400000,0x00000007059dfe50,0x0000000710480000)
 Metaspace       used 71414K, capacity 72938K, committed 73088K, reserved 1114112K
  class space    used 8240K, capacity 8532K, committed 8576K, reserved 1048576K
}
Event: 176.881 GC heap before
{Heap before GC invocations=25 (full 5):
 PSYoungGen      total 436736K, used 407782K [0x0000000780700000, 0x000000079f700000, 0x00000007c0000000)
  eden space 397824K, 100% used [0x0000000780700000,0x0000000798b80000,0x0000000798b80000)
  from space 38912K, 25% used [0x0000000798b80000,0x00000007995399f8,0x000000079b180000)
  to   space 37376K, 0% used [0x000000079d280000,0x000000079d280000,0x000000079f700000)
 ParOldGen       total 246272K, used 71551K [0x0000000701400000, 0x0000000710480000, 0x0000000780700000)
  object space 246272K, 29% used [0x0000000701400000,0x00000007059dfe50,0x0000000710480000)
 Metaspace       used 73491K, capacity 74952K, committed 75264K, reserved 1116160K
  class space    used 8322K, capacity 8601K, committed 8704K, reserved 1048576K
Event: 176.901 GC heap after
Heap after GC invocations=25 (full 5):
 PSYoungGen      total 463360K, used 27752K [0x0000000780700000, 0x000000079f600000, 0x00000007c0000000)
  eden space 427008K, 0% used [0x0000000780700000,0x0000000780700000,0x000000079a800000)
  from space 36352K, 76% used [0x000000079d280000,0x000000079ed9a2e0,0x000000079f600000)
  to   space 39936K, 0% used [0x000000079a800000,0x000000079a800000,0x000000079cf00000)
 ParOldGen       total 246272K, used 71559K [0x0000000701400000, 0x0000000710480000, 0x0000000780700000)
  object space 246272K, 29% used [0x0000000701400000,0x00000007059e1e50,0x0000000710480000)
 Metaspace       used 73491K, capacity 74952K, committed 75264K, reserved 1116160K
  class space    used 8322K, capacity 8601K, committed 8704K, reserved 1048576K
}
Event: 240.235 GC heap before
{Heap before GC invocations=26 (full 5):
 PSYoungGen      total 463360K, used 191020K [0x0000000780700000, 0x000000079f600000, 0x00000007c0000000)
  eden space 427008K, 38% used [0x0000000780700000,0x000000078a6710b0,0x000000079a800000)
  from space 36352K, 76% used [0x000000079d280000,0x000000079ed9a2e0,0x000000079f600000)
  to   space 39936K, 0% used [0x000000079a800000,0x000000079a800000,0x000000079cf00000)
 ParOldGen       total 246272K, used 71559K [0x0000000701400000, 0x0000000710480000, 0x0000000780700000)
  object space 246272K, 29% used [0x0000000701400000,0x00000007059e1e50,0x0000000710480000)
 Metaspace       used 74187K, capacity 75838K, committed 76032K, reserved 1116160K
  class space    used 8369K, capacity 8675K, committed 8704K, reserved 1048576K
Event: 240.247 GC heap after
Heap after GC invocations=26 (full 5):
 PSYoungGen      total 449536K, used 22304K [0x0000000780700000, 0x000000079f500000, 0x00000007c0000000)
  eden space 427008K, 0% used [0x0000000780700000,0x0000000780700000,0x000000079a800000)
  from space 22528K, 99% used [0x000000079a800000,0x000000079bdc8010,0x000000079be00000)
  to   space 39424K, 0% used [0x000000079ce80000,0x000000079ce80000,0x000000079f500000)
 ParOldGen       total 246272K, used 71567K [0x0000000701400000, 0x0000000710480000, 0x0000000780700000)
  object space 246272K, 29% used [0x0000000701400000,0x00000007059e3e50,0x0000000710480000)
 Metaspace       used 74187K, capacity 75838K, committed 76032K, reserved 1116160K
  class space    used 8369K, capacity 8675K, committed 8704K, reserved 1048576K
}
Event: 240.247 GC heap before
{Heap before GC invocations=27 (full 6):
 PSYoungGen      total 449536K, used 22304K [0x0000000780700000, 0x000000079f500000, 0x00000007c0000000)
  eden space 427008K, 0% used [0x0000000780700000,0x0000000780700000,0x000000079a800000)
  from space 22528K, 99% used [0x000000079a800000,0x000000079bdc8010,0x000000079be00000)
  to   space 39424K, 0% used [0x000000079ce80000,0x000000079ce80000,0x000000079f500000)
 ParOldGen       total 246272K, used 71567K [0x0000000701400000, 0x0000000710480000, 0x0000000780700000)
  object space 246272K, 29% used [0x0000000701400000,0x00000007059e3e50,0x0000000710480000)
 Metaspace       used 74187K, capacity 75838K, committed 76032K, reserved 1116160K
  class space    used 8369K, capacity 8675K, committed 8704K, reserved 1048576K
Event: 240.679 GC heap after
Heap after GC invocations=27 (full 6):
 PSYoungGen      total 449536K, used 0K [0x0000000780700000, 0x000000079f500000, 0x00000007c0000000)
  eden space 427008K, 0% used [0x0000000780700000,0x0000000780700000,0x000000079a800000)
  from space 22528K, 0% used [0x000000079a800000,0x000000079a800000,0x000000079be00000)
  to   space 39424K, 0% used [0x000000079ce80000,0x000000079ce80000,0x000000079f500000)
 ParOldGen       total 246272K, used 91703K [0x0000000701400000, 0x0000000710480000, 0x0000000780700000)
  object space 246272K, 37% used [0x0000000701400000,0x0000000706d8dc70,0x0000000710480000)
 Metaspace       used 74183K, capacity 75832K, committed 76032K, reserved 1116160K
  class space    used 8368K, capacity 8674K, committed 8704K, reserved 1048576K
}

