# JRE version: Java(TM) SE Runtime Environment (8.0_91-b15) (build 1.8.0_91-b15)
# Java VM: Java HotSpot(TM) 64-Bit Server VM (25.91-b15 mixed mode windows-amd64 compressed oops)
Heap:
 PSYoungGen      total 851456K, used 9517K [0x0000000780700000, 0x00000007b7100000, 0x00000007c0000000)
  eden space 815616K, 1% used [0x0000000780700000,0x000000078104b520,0x00000007b2380000)
  from space 35840K, 0% used [0x00000007b4900000,0x00000007b4900000,0x00000007b6c00000)
  to   space 38400K, 0% used [0x00000007b2380000,0x00000007b2380000,0x00000007b4900000)
 ParOldGen       total 200704K, used 80911K [0x0000000701400000, 0x000000070d800000, 0x0000000780700000)
  object space 200704K, 40% used [0x0000000701400000,0x0000000706303df8,0x000000070d800000)
 Metaspace       used 75045K, capacity 76552K, committed 76800K, reserved 1118208K
  class space    used 8607K, capacity 8948K, committed 8960K, reserved 1048576K
GC Heap History (10 events):
Event: 115.318 GC heap before
{Heap before GC invocations=13 (full 3):
 PSYoungGen      total 530944K, used 400327K [0x0000000780700000, 0x00000007ada80000, 0x00000007c0000000)
  eden space 508416K, 78% used [0x0000000780700000,0x0000000798df1e98,0x000000079f780000)
  from space 22528K, 0% used [0x000000079f780000,0x000000079f780000,0x00000007a0d80000)
  to   space 36864K, 0% used [0x00000007ab680000,0x00000007ab680000,0x00000007ada80000)
 ParOldGen       total 200704K, used 69480K [0x0000000701400000, 0x000000070d800000, 0x0000000780700000)
  object space 200704K, 34% used [0x0000000701400000,0x00000007057da090,0x000000070d800000)
 Metaspace       used 70027K, capacity 71182K, committed 71424K, reserved 1112064K
  class space    used 8346K, capacity 8613K, committed 8704K, reserved 1048576K
Event: 115.335 GC heap after
Heap after GC invocations=13 (full 3):
 PSYoungGen      total 674304K, used 12762K [0x0000000780700000, 0x00000007aca80000, 0x00000007c0000000)
  eden space 653824K, 0% used [0x0000000780700000,0x0000000780700000,0x00000007a8580000)
  from space 20480K, 62% used [0x00000007ab680000,0x00000007ac2f6aa8,0x00000007aca80000)
  to   space 35328K, 0% used [0x00000007a8580000,0x00000007a8580000,0x00000007aa800000)
 ParOldGen       total 200704K, used 69496K [0x0000000701400000, 0x000000070d800000, 0x0000000780700000)
  object space 200704K, 34% used [0x0000000701400000,0x00000007057de090,0x000000070d800000)
 Metaspace       used 70027K, capacity 71182K, committed 71424K, reserved 1112064K
  class space    used 8346K, capacity 8613K, committed 8704K, reserved 1048576K
}
Event: 115.335 GC heap before
{Heap before GC invocations=14 (full 4):
 PSYoungGen      total 674304K, used 12762K [0x0000000780700000, 0x00000007aca80000, 0x00000007c0000000)
  eden space 653824K, 0% used [0x0000000780700000,0x0000000780700000,0x00000007a8580000)
  from space 20480K, 62% used [0x00000007ab680000,0x00000007ac2f6aa8,0x00000007aca80000)
  to   space 35328K, 0% used [0x00000007a8580000,0x00000007a8580000,0x00000007aa800000)
 ParOldGen       total 200704K, used 69496K [0x0000000701400000, 0x000000070d800000, 0x0000000780700000)
  object space 200704K, 34% used [0x0000000701400000,0x00000007057de090,0x000000070d800000)
 Metaspace       used 70027K, capacity 71182K, committed 71424K, reserved 1112064K
  class space    used 8346K, capacity 8613K, committed 8704K, reserved 1048576K
Event: 115.686 GC heap after
Heap after GC invocations=14 (full 4):
 PSYoungGen      total 674304K, used 0K [0x0000000780700000, 0x00000007aca80000, 0x00000007c0000000)
  eden space 653824K, 0% used [0x0000000780700000,0x0000000780700000,0x00000007a8580000)
  from space 20480K, 0% used [0x00000007ab680000,0x00000007ab680000,0x00000007aca80000)
  to   space 35328K, 0% used [0x00000007a8580000,0x00000007a8580000,0x00000007aa800000)
 ParOldGen       total 200704K, used 65025K [0x0000000701400000, 0x000000070d800000, 0x0000000780700000)
  object space 200704K, 32% used [0x0000000701400000,0x0000000705380630,0x000000070d800000)
 Metaspace       used 70025K, capacity 71176K, committed 71424K, reserved 1112064K
  class space    used 8345K, capacity 8612K, committed 8704K, reserved 1048576K
}
Event: 119.776 GC heap before
{Heap before GC invocations=15 (full 4):
 PSYoungGen      total 674304K, used 653824K [0x0000000780700000, 0x00000007aca80000, 0x00000007c0000000)
  eden space 653824K, 100% used [0x0000000780700000,0x00000007a8580000,0x00000007a8580000)
  from space 20480K, 0% used [0x00000007ab680000,0x00000007ab680000,0x00000007aca80000)
  to   space 35328K, 0% used [0x00000007a8580000,0x00000007a8580000,0x00000007aa800000)
 ParOldGen       total 200704K, used 65025K [0x0000000701400000, 0x000000070d800000, 0x0000000780700000)
  object space 200704K, 32% used [0x0000000701400000,0x0000000705380630,0x000000070d800000)
 Metaspace       used 72843K, capacity 74052K, committed 74368K, reserved 1114112K
  class space    used 8486K, capacity 8764K, committed 8832K, reserved 1048576K
Event: 119.799 GC heap after
Heap after GC invocations=15 (full 4):
 PSYoungGen      total 689152K, used 22485K [0x0000000780700000, 0x00000007b6c00000, 0x00000007c0000000)
  eden space 653824K, 0% used [0x0000000780700000,0x0000000780700000,0x00000007a8580000)
  from space 35328K, 63% used [0x00000007a8580000,0x00000007a9b75580,0x00000007aa800000)
  to   space 35840K, 0% used [0x00000007b4900000,0x00000007b4900000,0x00000007b6c00000)
 ParOldGen       total 200704K, used 65033K [0x0000000701400000, 0x000000070d800000, 0x0000000780700000)
  object space 200704K, 32% used [0x0000000701400000,0x0000000705382630,0x000000070d800000)
 Metaspace       used 72843K, capacity 74052K, committed 74368K, reserved 1114112K
  class space    used 8486K, capacity 8764K, committed 8832K, reserved 1048576K
}
Event: 256.524 GC heap before
{Heap before GC invocations=16 (full 4):
 PSYoungGen      total 689152K, used 506390K [0x0000000780700000, 0x00000007b6c00000, 0x00000007c0000000)
  eden space 653824K, 74% used [0x0000000780700000,0x000000079df90600,0x00000007a8580000)
  from space 35328K, 63% used [0x00000007a8580000,0x00000007a9b75580,0x00000007aa800000)
  to   space 35840K, 0% used [0x00000007b4900000,0x00000007b4900000,0x00000007b6c00000)
 ParOldGen       total 200704K, used 65033K [0x0000000701400000, 0x000000070d800000, 0x0000000780700000)
  object space 200704K, 32% used [0x0000000701400000,0x0000000705382630,0x000000070d800000)
 Metaspace       used 75044K, capacity 76552K, committed 76800K, reserved 1118208K
  class space    used 8607K, capacity 8947K, committed 8960K, reserved 1048576K
Event: 256.542 GC heap after
Heap after GC invocations=16 (full 4):
 PSYoungGen      total 851456K, used 27987K [0x0000000780700000, 0x00000007b7100000, 0x00000007c0000000)
  eden space 815616K, 0% used [0x0000000780700000,0x0000000780700000,0x00000007b2380000)
  from space 35840K, 78% used [0x00000007b4900000,0x00000007b6454d10,0x00000007b6c00000)
  to   space 38400K, 0% used [0x00000007b2380000,0x00000007b2380000,0x00000007b4900000)
 ParOldGen       total 200704K, used 65041K [0x0000000701400000, 0x000000070d800000, 0x0000000780700000)
  object space 200704K, 32% used [0x0000000701400000,0x0000000705384630,0x000000070d800000)
 Metaspace       used 75044K, capacity 76552K, committed 76800K, reserved 1118208K
  class space    used 8607K, capacity 8947K, committed 8960K, reserved 1048576K
}
Event: 256.542 GC heap before
{Heap before GC invocations=17 (full 5):
 PSYoungGen      total 851456K, used 27987K [0x0000000780700000, 0x00000007b7100000, 0x00000007c0000000)
  eden space 815616K, 0% used [0x0000000780700000,0x0000000780700000,0x00000007b2380000)
  from space 35840K, 78% used [0x00000007b4900000,0x00000007b6454d10,0x00000007b6c00000)
  to   space 38400K, 0% used [0x00000007b2380000,0x00000007b2380000,0x00000007b4900000)
 ParOldGen       total 200704K, used 65041K [0x0000000701400000, 0x000000070d800000, 0x0000000780700000)
  object space 200704K, 32% used [0x0000000701400000,0x0000000705384630,0x000000070d800000)
 Metaspace       used 75044K, capacity 76552K, committed 76800K, reserved 1118208K
  class space    used 8607K, capacity 8947K, committed 8960K, reserved 1048576K
Event: 256.843 GC heap after
Heap after GC invocations=17 (full 5):
 PSYoungGen      total 851456K, used 0K [0x0000000780700000, 0x00000007b7100000, 0x00000007c0000000)
  eden space 815616K, 0% used [0x0000000780700000,0x0000000780700000,0x00000007b2380000)
  from space 35840K, 0% used [0x00000007b4900000,0x00000007b4900000,0x00000007b6c00000)
  to   space 38400K, 0% used [0x00000007b2380000,0x00000007b2380000,0x00000007b4900000)
 ParOldGen       total 200704K, used 80911K [0x0000000701400000, 0x000000070d800000, 0x0000000780700000)
  object space 200704K, 40% used [0x0000000701400000,0x0000000706303df8,0x000000070d800000)
 Metaspace       used 75041K, capacity 76546K, committed 76800K, reserved 1118208K
  class space    used 8606K, capacity 8946K, committed 8960K, reserved 1048576K
}

