# JRE version: Java(TM) SE Runtime Environment (8.0_91-b15) (build 1.8.0_91-b15)
# Java VM: Java HotSpot(TM) 64-Bit Server VM (25.91-b15 mixed mode windows-amd64 compressed oops)
Heap:
 PSYoungGen      total 996352K, used 4553K [0x0000000780700000, 0x00000007c0000000, 0x00000007c0000000)
  eden space 951296K, 0% used [0x0000000780700000,0x0000000780b72558,0x00000007ba800000)
  from space 45056K, 0% used [0x00000007ba800000,0x00000007ba800000,0x00000007bd400000)
  to   space 44544K, 0% used [0x00000007bd480000,0x00000007bd480000,0x00000007c0000000)
 ParOldGen       total 163840K, used 96759K [0x0000000701400000, 0x000000070b400000, 0x0000000780700000)
  object space 163840K, 59% used [0x0000000701400000,0x000000070727dd48,0x000000070b400000)
 Metaspace       used 78933K, capacity 80864K, committed 81152K, reserved 1122304K
  class space    used 8705K, capacity 9136K, committed 9216K, reserved 1048576K
GC Heap History (10 events):
Event: 948.832 GC heap before
{Heap before GC invocations=17 (full 4):
 PSYoungGen      total 902656K, used 447765K [0x0000000780700000, 0x00000007c0000000, 0x00000007c0000000)
  eden space 866816K, 47% used [0x0000000780700000,0x0000000799a8f608,0x00000007b5580000)
  from space 35840K, 96% used [0x00000007b7d80000,0x00000007b9f360f0,0x00000007ba080000)
  to   space 40960K, 0% used [0x00000007b5580000,0x00000007b5580000,0x00000007b7d80000)
 ParOldGen       total 163840K, used 57354K [0x0000000701400000, 0x000000070b400000, 0x0000000780700000)
  object space 163840K, 35% used [0x0000000701400000,0x0000000704c02888,0x000000070b400000)
 Metaspace       used 73773K, capacity 75268K, committed 75392K, reserved 1116160K
  class space    used 8439K, capacity 8769K, committed 8832K, reserved 1048576K
Event: 948.848 GC heap after
Heap after GC invocations=17 (full 4):
 PSYoungGen      total 907776K, used 672K [0x0000000780700000, 0x00000007c0000000, 0x00000007c0000000)
  eden space 866816K, 0% used [0x0000000780700000,0x0000000780700000,0x00000007b5580000)
  from space 40960K, 1% used [0x00000007b5580000,0x00000007b5628020,0x00000007b7d80000)
  to   space 41472K, 0% used [0x00000007bd780000,0x00000007bd780000,0x00000007c0000000)
 ParOldGen       total 163840K, used 80497K [0x0000000701400000, 0x000000070b400000, 0x0000000780700000)
  object space 163840K, 49% used [0x0000000701400000,0x000000070629c458,0x000000070b400000)
 Metaspace       used 73773K, capacity 75268K, committed 75392K, reserved 1116160K
  class space    used 8439K, capacity 8769K, committed 8832K, reserved 1048576K
}
Event: 948.848 GC heap before
{Heap before GC invocations=18 (full 5):
 PSYoungGen      total 907776K, used 672K [0x0000000780700000, 0x00000007c0000000, 0x00000007c0000000)
  eden space 866816K, 0% used [0x0000000780700000,0x0000000780700000,0x00000007b5580000)
  from space 40960K, 1% used [0x00000007b5580000,0x00000007b5628020,0x00000007b7d80000)
  to   space 41472K, 0% used [0x00000007bd780000,0x00000007bd780000,0x00000007c0000000)
 ParOldGen       total 163840K, used 80497K [0x0000000701400000, 0x000000070b400000, 0x0000000780700000)
  object space 163840K, 49% used [0x0000000701400000,0x000000070629c458,0x000000070b400000)
 Metaspace       used 73773K, capacity 75268K, committed 75392K, reserved 1116160K
  class space    used 8439K, capacity 8769K, committed 8832K, reserved 1048576K
Event: 949.293 GC heap after
Heap after GC invocations=18 (full 5):
 PSYoungGen      total 907776K, used 0K [0x0000000780700000, 0x00000007c0000000, 0x00000007c0000000)
  eden space 866816K, 0% used [0x0000000780700000,0x0000000780700000,0x00000007b5580000)
  from space 40960K, 0% used [0x00000007b5580000,0x00000007b5580000,0x00000007b7d80000)
  to   space 41472K, 0% used [0x00000007bd780000,0x00000007bd780000,0x00000007c0000000)
 ParOldGen       total 163840K, used 74664K [0x0000000701400000, 0x000000070b400000, 0x0000000780700000)
  object space 163840K, 45% used [0x0000000701400000,0x0000000705cea388,0x000000070b400000)
 Metaspace       used 73769K, capacity 75262K, committed 75392K, reserved 1116160K
  class space    used 8438K, capacity 8768K, committed 8832K, reserved 1048576K
}
Event: 959.720 GC heap before
{Heap before GC invocations=19 (full 5):
 PSYoungGen      total 907776K, used 866816K [0x0000000780700000, 0x00000007c0000000, 0x00000007c0000000)
  eden space 866816K, 100% used [0x0000000780700000,0x00000007b5580000,0x00000007b5580000)
  from space 40960K, 0% used [0x00000007b5580000,0x00000007b5580000,0x00000007b7d80000)
  to   space 41472K, 0% used [0x00000007bd780000,0x00000007bd780000,0x00000007c0000000)
 ParOldGen       total 163840K, used 74664K [0x0000000701400000, 0x000000070b400000, 0x0000000780700000)
  object space 163840K, 45% used [0x0000000701400000,0x0000000705cea388,0x000000070b400000)
 Metaspace       used 77593K, capacity 79242K, committed 79488K, reserved 1120256K
  class space    used 8640K, capacity 8998K, committed 9088K, reserved 1048576K
Event: 959.751 GC heap after
Heap after GC invocations=19 (full 5):
 PSYoungGen      total 992768K, used 31560K [0x0000000780700000, 0x00000007c0000000, 0x00000007c0000000)
  eden space 951296K, 0% used [0x0000000780700000,0x0000000780700000,0x00000007ba800000)
  from space 41472K, 76% used [0x00000007bd780000,0x00000007bf652100,0x00000007c0000000)
  to   space 45056K, 0% used [0x00000007ba800000,0x00000007ba800000,0x00000007bd400000)
 ParOldGen       total 163840K, used 74672K [0x0000000701400000, 0x000000070b400000, 0x0000000780700000)
  object space 163840K, 45% used [0x0000000701400000,0x0000000705cec388,0x000000070b400000)
 Metaspace       used 77593K, capacity 79242K, committed 79488K, reserved 1120256K
  class space    used 8640K, capacity 8998K, committed 9088K, reserved 1048576K
}
Event: 1200.153 GC heap before
{Heap before GC invocations=20 (full 5):
 PSYoungGen      total 992768K, used 629548K [0x0000000780700000, 0x00000007c0000000, 0x00000007c0000000)
  eden space 951296K, 62% used [0x0000000780700000,0x00000007a4ef8f60,0x00000007ba800000)
  from space 41472K, 76% used [0x00000007bd780000,0x00000007bf652100,0x00000007c0000000)
  to   space 45056K, 0% used [0x00000007ba800000,0x00000007ba800000,0x00000007bd400000)
 ParOldGen       total 163840K, used 74672K [0x0000000701400000, 0x000000070b400000, 0x0000000780700000)
  object space 163840K, 45% used [0x0000000701400000,0x0000000705cec388,0x000000070b400000)
 Metaspace       used 78937K, capacity 80870K, committed 81152K, reserved 1122304K
  class space    used 8705K, capacity 9137K, committed 9216K, reserved 1048576K
Event: 1200.175 GC heap after
Heap after GC invocations=20 (full 5):
 PSYoungGen      total 996352K, used 1360K [0x0000000780700000, 0x00000007c0000000, 0x00000007c0000000)
  eden space 951296K, 0% used [0x0000000780700000,0x0000000780700000,0x00000007ba800000)
  from space 45056K, 3% used [0x00000007ba800000,0x00000007ba954030,0x00000007bd400000)
  to   space 44544K, 0% used [0x00000007bd480000,0x00000007bd480000,0x00000007c0000000)
 ParOldGen       total 163840K, used 97328K [0x0000000701400000, 0x000000070b400000, 0x0000000780700000)
  object space 163840K, 59% used [0x0000000701400000,0x000000070730c370,0x000000070b400000)
 Metaspace       used 78937K, capacity 80870K, committed 81152K, reserved 1122304K
  class space    used 8705K, capacity 9137K, committed 9216K, reserved 1048576K
}
Event: 1200.175 GC heap before
{Heap before GC invocations=21 (full 6):
 PSYoungGen      total 996352K, used 1360K [0x0000000780700000, 0x00000007c0000000, 0x00000007c0000000)
  eden space 951296K, 0% used [0x0000000780700000,0x0000000780700000,0x00000007ba800000)
  from space 45056K, 3% used [0x00000007ba800000,0x00000007ba954030,0x00000007bd400000)
  to   space 44544K, 0% used [0x00000007bd480000,0x00000007bd480000,0x00000007c0000000)
 ParOldGen       total 163840K, used 97328K [0x0000000701400000, 0x000000070b400000, 0x0000000780700000)
  object space 163840K, 59% used [0x0000000701400000,0x000000070730c370,0x000000070b400000)
 Metaspace       used 78937K, capacity 80870K, committed 81152K, reserved 1122304K
  class space    used 8705K, capacity 9137K, committed 9216K, reserved 1048576K
Event: 1200.683 GC heap after
Heap after GC invocations=21 (full 6):
 PSYoungGen      total 996352K, used 0K [0x0000000780700000, 0x00000007c0000000, 0x00000007c0000000)
  eden space 951296K, 0% used [0x0000000780700000,0x0000000780700000,0x00000007ba800000)
  from space 45056K, 0% used [0x00000007ba800000,0x00000007ba800000,0x00000007bd400000)
  to   space 44544K, 0% used [0x00000007bd480000,0x00000007bd480000,0x00000007c0000000)
 ParOldGen       total 163840K, used 96759K [0x0000000701400000, 0x000000070b400000, 0x0000000780700000)
  object space 163840K, 59% used [0x0000000701400000,0x000000070727dd48,0x000000070b400000)
 Metaspace       used 78933K, capacity 80864K, committed 81152K, reserved 1122304K
  class space    used 8705K, capacity 9136K, committed 9216K, reserved 1048576K
}

