# JRE version: Java(TM) SE Runtime Environment (8.0_91-b15) (build 1.8.0_91-b15)
# Java VM: Java HotSpot(TM) 64-Bit Server VM (25.91-b15 mixed mode windows-amd64 compressed oops)
Heap:
 PSYoungGen      total 608768K, used 1375K [0x0000000780700000, 0x00000007a8380000, 0x00000007c0000000)
  eden space 570368K, 0% used [0x0000000780700000,0x0000000780857d08,0x00000007a3400000)
  from space 38400K, 0% used [0x00000007a5b00000,0x00000007a5b00000,0x00000007a8080000)
  to   space 39936K, 0% used [0x00000007a3400000,0x00000007a3400000,0x00000007a5b00000)
 ParOldGen       total 265216K, used 128437K [0x0000000701400000, 0x0000000711700000, 0x0000000780700000)
  object space 265216K, 48% used [0x0000000701400000,0x000000070916d588,0x0000000711700000)
 Metaspace       used 87991K, capacity 90392K, committed 90496K, reserved 1130496K
  class space    used 9323K, capacity 9849K, committed 9856K, reserved 1048576K
GC Heap History (10 events):
Event: 1012.662 GC heap before
{Heap before GC invocations=30 (full 6):
 PSYoungGen      total 551936K, used 138236K [0x0000000780700000, 0x00000007a6500000, 0x00000007c0000000)
  eden space 513024K, 21% used [0x0000000780700000,0x00000007871ebb50,0x000000079fc00000)
  from space 38912K, 73% used [0x000000079fc00000,0x00000007a1813568,0x00000007a2200000)
  to   space 40448K, 0% used [0x00000007a3d80000,0x00000007a3d80000,0x00000007a6500000)
 ParOldGen       total 265216K, used 102228K [0x0000000701400000, 0x0000000711700000, 0x0000000780700000)
  object space 265216K, 38% used [0x0000000701400000,0x00000007077d5238,0x0000000711700000)
 Metaspace       used 83508K, capacity 85526K, committed 85888K, reserved 1126400K
  class space    used 9063K, capacity 9514K, committed 9600K, reserved 1048576K
Event: 1012.669 GC heap after
Heap after GC invocations=30 (full 6):
 PSYoungGen      total 580096K, used 9274K [0x0000000780700000, 0x00000007a6500000, 0x00000007c0000000)
  eden space 539648K, 0% used [0x0000000780700000,0x0000000780700000,0x00000007a1600000)
  from space 40448K, 22% used [0x00000007a3d80000,0x00000007a468e960,0x00000007a6500000)
  to   space 40448K, 0% used [0x00000007a1600000,0x00000007a1600000,0x00000007a3d80000)
 ParOldGen       total 265216K, used 102228K [0x0000000701400000, 0x0000000711700000, 0x0000000780700000)
  object space 265216K, 38% used [0x0000000701400000,0x00000007077d5238,0x0000000711700000)
 Metaspace       used 83508K, capacity 85526K, committed 85888K, reserved 1126400K
  class space    used 9063K, capacity 9514K, committed 9600K, reserved 1048576K
}
Event: 1012.669 GC heap before
{Heap before GC invocations=31 (full 7):
 PSYoungGen      total 580096K, used 9274K [0x0000000780700000, 0x00000007a6500000, 0x00000007c0000000)
  eden space 539648K, 0% used [0x0000000780700000,0x0000000780700000,0x00000007a1600000)
  from space 40448K, 22% used [0x00000007a3d80000,0x00000007a468e960,0x00000007a6500000)
  to   space 40448K, 0% used [0x00000007a1600000,0x00000007a1600000,0x00000007a3d80000)
 ParOldGen       total 265216K, used 102228K [0x0000000701400000, 0x0000000711700000, 0x0000000780700000)
  object space 265216K, 38% used [0x0000000701400000,0x00000007077d5238,0x0000000711700000)
 Metaspace       used 83508K, capacity 85526K, committed 85888K, reserved 1126400K
  class space    used 9063K, capacity 9514K, committed 9600K, reserved 1048576K
Event: 1013.061 GC heap after
Heap after GC invocations=31 (full 7):
 PSYoungGen      total 580096K, used 0K [0x0000000780700000, 0x00000007a6500000, 0x00000007c0000000)
  eden space 539648K, 0% used [0x0000000780700000,0x0000000780700000,0x00000007a1600000)
  from space 40448K, 0% used [0x00000007a3d80000,0x00000007a3d80000,0x00000007a6500000)
  to   space 40448K, 0% used [0x00000007a1600000,0x00000007a1600000,0x00000007a3d80000)
 ParOldGen       total 265216K, used 105640K [0x0000000701400000, 0x0000000711700000, 0x0000000780700000)
  object space 265216K, 39% used [0x0000000701400000,0x0000000707b2a128,0x0000000711700000)
 Metaspace       used 83504K, capacity 85520K, committed 85888K, reserved 1126400K
  class space    used 9063K, capacity 9513K, committed 9600K, reserved 1048576K
}
Event: 1015.699 GC heap before
{Heap before GC invocations=32 (full 7):
 PSYoungGen      total 580096K, used 539648K [0x0000000780700000, 0x00000007a6500000, 0x00000007c0000000)
  eden space 539648K, 100% used [0x0000000780700000,0x00000007a1600000,0x00000007a1600000)
  from space 40448K, 0% used [0x00000007a3d80000,0x00000007a3d80000,0x00000007a6500000)
  to   space 40448K, 0% used [0x00000007a1600000,0x00000007a1600000,0x00000007a3d80000)
 ParOldGen       total 265216K, used 105640K [0x0000000701400000, 0x0000000711700000, 0x0000000780700000)
  object space 265216K, 39% used [0x0000000701400000,0x0000000707b2a128,0x0000000711700000)
 Metaspace       used 85351K, capacity 87434K, committed 87552K, reserved 1126400K
  class space    used 9172K, capacity 9628K, committed 9728K, reserved 1048576K
Event: 1015.721 GC heap after
Heap after GC invocations=32 (full 7):
 PSYoungGen      total 580096K, used 19549K [0x0000000780700000, 0x00000007a8080000, 0x00000007c0000000)
  eden space 539648K, 0% used [0x0000000780700000,0x0000000780700000,0x00000007a1600000)
  from space 40448K, 48% used [0x00000007a1600000,0x00000007a2917678,0x00000007a3d80000)
  to   space 38400K, 0% used [0x00000007a5b00000,0x00000007a5b00000,0x00000007a8080000)
 ParOldGen       total 265216K, used 105648K [0x0000000701400000, 0x0000000711700000, 0x0000000780700000)
  object space 265216K, 39% used [0x0000000701400000,0x0000000707b2c128,0x0000000711700000)
 Metaspace       used 85351K, capacity 87434K, committed 87552K, reserved 1126400K
  class space    used 9172K, capacity 9628K, committed 9728K, reserved 1048576K
}
Event: 1064.666 GC heap before
{Heap before GC invocations=33 (full 7):
 PSYoungGen      total 580096K, used 472428K [0x0000000780700000, 0x00000007a8080000, 0x00000007c0000000)
  eden space 539648K, 83% used [0x0000000780700000,0x000000079c143a88,0x00000007a1600000)
  from space 40448K, 48% used [0x00000007a1600000,0x00000007a2917678,0x00000007a3d80000)
  to   space 38400K, 0% used [0x00000007a5b00000,0x00000007a5b00000,0x00000007a8080000)
 ParOldGen       total 265216K, used 105648K [0x0000000701400000, 0x0000000711700000, 0x0000000780700000)
  object space 265216K, 39% used [0x0000000701400000,0x0000000707b2c128,0x0000000711700000)
 Metaspace       used 87998K, capacity 90404K, committed 90496K, reserved 1130496K
  class space    used 9325K, capacity 9852K, committed 9856K, reserved 1048576K
Event: 1064.704 GC heap after
Heap after GC invocations=33 (full 7):
 PSYoungGen      total 608768K, used 27768K [0x0000000780700000, 0x00000007a8380000, 0x00000007c0000000)
  eden space 570368K, 0% used [0x0000000780700000,0x0000000780700000,0x00000007a3400000)
  from space 38400K, 72% used [0x00000007a5b00000,0x00000007a761e3f0,0x00000007a8080000)
  to   space 39936K, 0% used [0x00000007a3400000,0x00000007a3400000,0x00000007a5b00000)
 ParOldGen       total 265216K, used 105656K [0x0000000701400000, 0x0000000711700000, 0x0000000780700000)
  object space 265216K, 39% used [0x0000000701400000,0x0000000707b2e128,0x0000000711700000)
 Metaspace       used 87998K, capacity 90404K, committed 90496K, reserved 1130496K
  class space    used 9325K, capacity 9852K, committed 9856K, reserved 1048576K
}
Event: 1064.704 GC heap before
{Heap before GC invocations=34 (full 8):
 PSYoungGen      total 608768K, used 27768K [0x0000000780700000, 0x00000007a8380000, 0x00000007c0000000)
  eden space 570368K, 0% used [0x0000000780700000,0x0000000780700000,0x00000007a3400000)
  from space 38400K, 72% used [0x00000007a5b00000,0x00000007a761e3f0,0x00000007a8080000)
  to   space 39936K, 0% used [0x00000007a3400000,0x00000007a3400000,0x00000007a5b00000)
 ParOldGen       total 265216K, used 105656K [0x0000000701400000, 0x0000000711700000, 0x0000000780700000)
  object space 265216K, 39% used [0x0000000701400000,0x0000000707b2e128,0x0000000711700000)
 Metaspace       used 87998K, capacity 90404K, committed 90496K, reserved 1130496K
  class space    used 9325K, capacity 9852K, committed 9856K, reserved 1048576K
Event: 1065.099 GC heap after
Heap after GC invocations=34 (full 8):
 PSYoungGen      total 608768K, used 0K [0x0000000780700000, 0x00000007a8380000, 0x00000007c0000000)
  eden space 570368K, 0% used [0x0000000780700000,0x0000000780700000,0x00000007a3400000)
  from space 38400K, 0% used [0x00000007a5b00000,0x00000007a5b00000,0x00000007a8080000)
  to   space 39936K, 0% used [0x00000007a3400000,0x00000007a3400000,0x00000007a5b00000)
 ParOldGen       total 265216K, used 128437K [0x0000000701400000, 0x0000000711700000, 0x0000000780700000)
  object space 265216K, 48% used [0x0000000701400000,0x000000070916d588,0x0000000711700000)
 Metaspace       used 87991K, capacity 90392K, committed 90496K, reserved 1130496K
  class space    used 9323K, capacity 9849K, committed 9856K, reserved 1048576K
}

