# JRE version: Java(TM) SE Runtime Environment (8.0_91-b15) (build 1.8.0_91-b15)
# Java VM: Java HotSpot(TM) 64-Bit Server VM (25.91-b15 mixed mode windows-amd64 compressed oops)
Heap:
 PSYoungGen      total 482304K, used 3996K [0x0000000780700000, 0x00000007a1380000, 0x00000007c0000000)
  eden space 436224K, 0% used [0x0000000780700000,0x0000000780ae71c8,0x000000079b100000)
  from space 46080K, 0% used [0x000000079b100000,0x000000079b100000,0x000000079de00000)
  to   space 46080K, 0% used [0x000000079e680000,0x000000079e680000,0x00000007a1380000)
 ParOldGen       total 269824K, used 123766K [0x0000000701400000, 0x0000000711b80000, 0x0000000780700000)
  object space 269824K, 45% used [0x0000000701400000,0x0000000708cddb18,0x0000000711b80000)
 Metaspace       used 84437K, capacity 86752K, committed 87040K, reserved 1126400K
  class space    used 9140K, capacity 9633K, committed 9728K, reserved 1048576K
GC Heap History (10 events):
Event: 559.657 GC heap before
{Heap before GC invocations=26 (full 6):
 PSYoungGen      total 448000K, used 27955K [0x0000000780700000, 0x000000079ea00000, 0x00000007c0000000)
  eden space 406016K, 0% used [0x0000000780700000,0x0000000780700000,0x0000000799380000)
  from space 41984K, 66% used [0x000000079be00000,0x000000079d94cd30,0x000000079e700000)
  to   space 43520K, 0% used [0x0000000799380000,0x0000000799380000,0x000000079be00000)
 ParOldGen       total 269824K, used 80766K [0x0000000701400000, 0x0000000711b80000, 0x0000000780700000)
  object space 269824K, 29% used [0x0000000701400000,0x00000007062dfa30,0x0000000711b80000)
 Metaspace       used 79907K, capacity 81808K, committed 82048K, reserved 1122304K
  class space    used 8873K, capacity 9284K, committed 9344K, reserved 1048576K
Event: 560.065 GC heap after
Heap after GC invocations=26 (full 6):
 PSYoungGen      total 448000K, used 0K [0x0000000780700000, 0x000000079ea00000, 0x00000007c0000000)
  eden space 406016K, 0% used [0x0000000780700000,0x0000000780700000,0x0000000799380000)
  from space 41984K, 0% used [0x000000079be00000,0x000000079be00000,0x000000079e700000)
  to   space 43520K, 0% used [0x0000000799380000,0x0000000799380000,0x000000079be00000)
 ParOldGen       total 269824K, used 102462K [0x0000000701400000, 0x0000000711b80000, 0x0000000780700000)
  object space 269824K, 37% used [0x0000000701400000,0x000000070780faa8,0x0000000711b80000)
 Metaspace       used 79904K, capacity 81802K, committed 82048K, reserved 1122304K
  class space    used 8872K, capacity 9283K, committed 9344K, reserved 1048576K
}
Event: 562.470 GC heap before
{Heap before GC invocations=27 (full 6):
 PSYoungGen      total 448000K, used 406016K [0x0000000780700000, 0x000000079ea00000, 0x00000007c0000000)
  eden space 406016K, 100% used [0x0000000780700000,0x0000000799380000,0x0000000799380000)
  from space 41984K, 0% used [0x000000079be00000,0x000000079be00000,0x000000079e700000)
  to   space 43520K, 0% used [0x0000000799380000,0x0000000799380000,0x000000079be00000)
 ParOldGen       total 269824K, used 102462K [0x0000000701400000, 0x0000000711b80000, 0x0000000780700000)
  object space 269824K, 37% used [0x0000000701400000,0x000000070780faa8,0x0000000711b80000)
 Metaspace       used 81439K, capacity 83438K, committed 83712K, reserved 1124352K
  class space    used 8975K, capacity 9405K, committed 9472K, reserved 1048576K
Event: 562.480 GC heap after
Heap after GC invocations=27 (full 6):
 PSYoungGen      total 449536K, used 11134K [0x0000000780700000, 0x00000007a0780000, 0x00000007c0000000)
  eden space 406016K, 0% used [0x0000000780700000,0x0000000780700000,0x0000000799380000)
  from space 43520K, 25% used [0x0000000799380000,0x0000000799e5fb60,0x000000079be00000)
  to   space 42496K, 0% used [0x000000079de00000,0x000000079de00000,0x00000007a0780000)
 ParOldGen       total 269824K, used 102470K [0x0000000701400000, 0x0000000711b80000, 0x0000000780700000)
  object space 269824K, 37% used [0x0000000701400000,0x0000000707811aa8,0x0000000711b80000)
 Metaspace       used 81439K, capacity 83438K, committed 83712K, reserved 1124352K
  class space    used 8975K, capacity 9405K, committed 9472K, reserved 1048576K
}
Event: 564.233 GC heap before
{Heap before GC invocations=28 (full 6):
 PSYoungGen      total 449536K, used 417150K [0x0000000780700000, 0x00000007a0780000, 0x00000007c0000000)
  eden space 406016K, 100% used [0x0000000780700000,0x0000000799380000,0x0000000799380000)
  from space 43520K, 25% used [0x0000000799380000,0x0000000799e5fb60,0x000000079be00000)
  to   space 42496K, 0% used [0x000000079de00000,0x000000079de00000,0x00000007a0780000)
 ParOldGen       total 269824K, used 102470K [0x0000000701400000, 0x0000000711b80000, 0x0000000780700000)
  object space 269824K, 37% used [0x0000000701400000,0x0000000707811aa8,0x0000000711b80000)
 Metaspace       used 83596K, capacity 85572K, committed 85888K, reserved 1126400K
  class space    used 9064K, capacity 9510K, committed 9600K, reserved 1048576K
Event: 564.258 GC heap after
Heap after GC invocations=28 (full 6):
 PSYoungGen      total 478720K, used 33987K [0x0000000780700000, 0x00000007a1380000, 0x00000007c0000000)
  eden space 436224K, 0% used [0x0000000780700000,0x0000000780700000,0x000000079b100000)
  from space 42496K, 79% used [0x000000079de00000,0x000000079ff30d00,0x00000007a0780000)
  to   space 46080K, 0% used [0x000000079b100000,0x000000079b100000,0x000000079de00000)
 ParOldGen       total 269824K, used 102478K [0x0000000701400000, 0x0000000711b80000, 0x0000000780700000)
  object space 269824K, 37% used [0x0000000701400000,0x0000000707813aa8,0x0000000711b80000)
 Metaspace       used 83596K, capacity 85572K, committed 85888K, reserved 1126400K
  class space    used 9064K, capacity 9510K, committed 9600K, reserved 1048576K
}
Event: 871.135 GC heap before
{Heap before GC invocations=29 (full 6):
 PSYoungGen      total 478720K, used 434542K [0x0000000780700000, 0x00000007a1380000, 0x00000007c0000000)
  eden space 436224K, 91% used [0x0000000780700000,0x0000000798e2ab30,0x000000079b100000)
  from space 42496K, 79% used [0x000000079de00000,0x000000079ff30d00,0x00000007a0780000)
  to   space 46080K, 0% used [0x000000079b100000,0x000000079b100000,0x000000079de00000)
 ParOldGen       total 269824K, used 102478K [0x0000000701400000, 0x0000000711b80000, 0x0000000780700000)
  object space 269824K, 37% used [0x0000000701400000,0x0000000707813aa8,0x0000000711b80000)
 Metaspace       used 84440K, capacity 86758K, committed 87040K, reserved 1126400K
  class space    used 9140K, capacity 9634K, committed 9728K, reserved 1048576K
Event: 871.153 GC heap after
Heap after GC invocations=29 (full 6):
 PSYoungGen      total 482304K, used 27466K [0x0000000780700000, 0x00000007a1380000, 0x00000007c0000000)
  eden space 436224K, 0% used [0x0000000780700000,0x0000000780700000,0x000000079b100000)
  from space 46080K, 59% used [0x000000079b100000,0x000000079cbd29e0,0x000000079de00000)
  to   space 46080K, 0% used [0x000000079e680000,0x000000079e680000,0x00000007a1380000)
 ParOldGen       total 269824K, used 102486K [0x0000000701400000, 0x0000000711b80000, 0x0000000780700000)
  object space 269824K, 37% used [0x0000000701400000,0x0000000707815aa8,0x0000000711b80000)
 Metaspace       used 84440K, capacity 86758K, committed 87040K, reserved 1126400K
  class space    used 9140K, capacity 9634K, committed 9728K, reserved 1048576K
}
Event: 871.153 GC heap before
{Heap before GC invocations=30 (full 7):
 PSYoungGen      total 482304K, used 27466K [0x0000000780700000, 0x00000007a1380000, 0x00000007c0000000)
  eden space 436224K, 0% used [0x0000000780700000,0x0000000780700000,0x000000079b100000)
  from space 46080K, 59% used [0x000000079b100000,0x000000079cbd29e0,0x000000079de00000)
  to   space 46080K, 0% used [0x000000079e680000,0x000000079e680000,0x00000007a1380000)
 ParOldGen       total 269824K, used 102486K [0x0000000701400000, 0x0000000711b80000, 0x0000000780700000)
  object space 269824K, 37% used [0x0000000701400000,0x0000000707815aa8,0x0000000711b80000)
 Metaspace       used 84440K, capacity 86758K, committed 87040K, reserved 1126400K
  class space    used 9140K, capacity 9634K, committed 9728K, reserved 1048576K
Event: 871.581 GC heap after
Heap after GC invocations=30 (full 7):
 PSYoungGen      total 482304K, used 0K [0x0000000780700000, 0x00000007a1380000, 0x00000007c0000000)
  eden space 436224K, 0% used [0x0000000780700000,0x0000000780700000,0x000000079b100000)
  from space 46080K, 0% used [0x000000079b100000,0x000000079b100000,0x000000079de00000)
  to   space 46080K, 0% used [0x000000079e680000,0x000000079e680000,0x00000007a1380000)
 ParOldGen       total 269824K, used 123766K [0x0000000701400000, 0x0000000711b80000, 0x0000000780700000)
  object space 269824K, 45% used [0x0000000701400000,0x0000000708cddb18,0x0000000711b80000)
 Metaspace       used 84437K, capacity 86752K, committed 87040K, reserved 1126400K
  class space    used 9140K, capacity 9633K, committed 9728K, reserved 1048576K
}

