# JRE version: Java(TM) SE Runtime Environment (8.0_91-b15) (build 1.8.0_91-b15)
# Java VM: Java HotSpot(TM) 64-Bit Server VM (25.91-b15 mixed mode windows-amd64 compressed oops)
Heap:
 PSYoungGen      total 877056K, used 35638K [0x0000000780700000, 0x00000007b9600000, 0x00000007c0000000)
  eden space 862208K, 4% used [0x0000000780700000,0x00000007829cd880,0x00000007b5100000)
  from space 14848K, 0% used [0x00000007b8780000,0x00000007b8780000,0x00000007b9600000)
  to   space 35328K, 0% used [0x00000007b5100000,0x00000007b5100000,0x00000007b7380000)
 ParOldGen       total 167936K, used 65145K [0x0000000701400000, 0x000000070b800000, 0x0000000780700000)
  object space 167936K, 38% used [0x0000000701400000,0x000000070539e638,0x000000070b800000)
 Metaspace       used 70005K, capacity 71182K, committed 71424K, reserved 1112064K
  class space    used 8349K, capacity 8614K, committed 8704K, reserved 1048576K
GC Heap History (10 events):
Event: 9.396 GC heap before
{Heap before GC invocations=10 (full 2):
 PSYoungGen      total 372736K, used 359936K [0x0000000780700000, 0x00000007a8900000, 0x00000007c0000000)
  eden space 359936K, 100% used [0x0000000780700000,0x0000000796680000,0x0000000796680000)
  from space 12800K, 0% used [0x0000000796680000,0x0000000796680000,0x0000000797300000)
  to   space 17408K, 0% used [0x00000007a7800000,0x00000007a7800000,0x00000007a8900000)
 ParOldGen       total 98304K, used 24382K [0x0000000701400000, 0x0000000707400000, 0x0000000780700000)
  object space 98304K, 24% used [0x0000000701400000,0x0000000702bcfa20,0x0000000707400000)
 Metaspace       used 47801K, capacity 48448K, committed 48768K, reserved 1091584K
  class space    used 5850K, capacity 5999K, committed 6016K, reserved 1048576K
Event: 9.419 GC heap after
Heap after GC invocations=10 (full 2):
 PSYoungGen      total 634368K, used 17385K [0x0000000780700000, 0x00000007a9d80000, 0x00000007c0000000)
  eden space 616960K, 0% used [0x0000000780700000,0x0000000780700000,0x00000007a6180000)
  from space 17408K, 99% used [0x00000007a7800000,0x00000007a88fa7e8,0x00000007a8900000)
  to   space 23040K, 0% used [0x00000007a6180000,0x00000007a6180000,0x00000007a7800000)
 ParOldGen       total 98304K, used 32618K [0x0000000701400000, 0x0000000707400000, 0x0000000780700000)
  object space 98304K, 33% used [0x0000000701400000,0x00000007033da908,0x0000000707400000)
 Metaspace       used 47801K, capacity 48448K, committed 48768K, reserved 1091584K
  class space    used 5850K, capacity 5999K, committed 6016K, reserved 1048576K
}
Event: 12.629 GC heap before
{Heap before GC invocations=11 (full 2):
 PSYoungGen      total 634368K, used 469610K [0x0000000780700000, 0x00000007a9d80000, 0x00000007c0000000)
  eden space 616960K, 73% used [0x0000000780700000,0x000000079c0a0168,0x00000007a6180000)
  from space 17408K, 99% used [0x00000007a7800000,0x00000007a88fa7e8,0x00000007a8900000)
  to   space 23040K, 0% used [0x00000007a6180000,0x00000007a6180000,0x00000007a7800000)
 ParOldGen       total 98304K, used 32618K [0x0000000701400000, 0x0000000707400000, 0x0000000780700000)
  object space 98304K, 33% used [0x0000000701400000,0x00000007033da908,0x0000000707400000)
 Metaspace       used 58120K, capacity 59000K, committed 59160K, reserved 1101824K
  class space    used 7052K, capacity 7261K, committed 7296K, reserved 1048576K
Event: 12.682 GC heap after
Heap after GC invocations=11 (full 2):
 PSYoungGen      total 640000K, used 23016K [0x0000000780700000, 0x00000007bab80000, 0x00000007c0000000)
  eden space 616960K, 0% used [0x0000000780700000,0x0000000780700000,0x00000007a6180000)
  from space 23040K, 99% used [0x00000007a6180000,0x00000007a77fa050,0x00000007a7800000)
  to   space 36864K, 0% used [0x00000007b8780000,0x00000007b8780000,0x00000007bab80000)
 ParOldGen       total 98304K, used 58980K [0x0000000701400000, 0x0000000707400000, 0x0000000780700000)
  object space 98304K, 59% used [0x0000000701400000,0x0000000704d990a8,0x0000000707400000)
 Metaspace       used 58120K, capacity 59000K, committed 59160K, reserved 1101824K
  class space    used 7052K, capacity 7261K, committed 7296K, reserved 1048576K
}
Event: 12.682 GC heap before
{Heap before GC invocations=12 (full 3):
 PSYoungGen      total 640000K, used 23016K [0x0000000780700000, 0x00000007bab80000, 0x00000007c0000000)
  eden space 616960K, 0% used [0x0000000780700000,0x0000000780700000,0x00000007a6180000)
  from space 23040K, 99% used [0x00000007a6180000,0x00000007a77fa050,0x00000007a7800000)
  to   space 36864K, 0% used [0x00000007b8780000,0x00000007b8780000,0x00000007bab80000)
 ParOldGen       total 98304K, used 58980K [0x0000000701400000, 0x0000000707400000, 0x0000000780700000)
  object space 98304K, 59% used [0x0000000701400000,0x0000000704d990a8,0x0000000707400000)
 Metaspace       used 58120K, capacity 59000K, committed 59160K, reserved 1101824K
  class space    used 7052K, capacity 7261K, committed 7296K, reserved 1048576K
Event: 12.969 GC heap after
Heap after GC invocations=12 (full 3):
 PSYoungGen      total 640000K, used 0K [0x0000000780700000, 0x00000007bab80000, 0x00000007c0000000)
  eden space 616960K, 0% used [0x0000000780700000,0x0000000780700000,0x00000007a6180000)
  from space 23040K, 0% used [0x00000007a6180000,0x00000007a6180000,0x00000007a7800000)
  to   space 36864K, 0% used [0x00000007b8780000,0x00000007b8780000,0x00000007bab80000)
 ParOldGen       total 167936K, used 68720K [0x0000000701400000, 0x000000070b800000, 0x0000000780700000)
  object space 167936K, 40% used [0x0000000701400000,0x000000070571c370,0x000000070b800000)
 Metaspace       used 58116K, capacity 58994K, committed 59160K, reserved 1101824K
  class space    used 7052K, capacity 7260K, committed 7296K, reserved 1048576K
}
Event: 303.343 GC heap before
{Heap before GC invocations=13 (full 3):
 PSYoungGen      total 640000K, used 588479K [0x0000000780700000, 0x00000007bab80000, 0x00000007c0000000)
  eden space 616960K, 95% used [0x0000000780700000,0x00000007a45afc18,0x00000007a6180000)
  from space 23040K, 0% used [0x00000007a6180000,0x00000007a6180000,0x00000007a7800000)
  to   space 36864K, 0% used [0x00000007b8780000,0x00000007b8780000,0x00000007bab80000)
 ParOldGen       total 167936K, used 68720K [0x0000000701400000, 0x000000070b800000, 0x0000000780700000)
  object space 167936K, 40% used [0x0000000701400000,0x000000070571c370,0x000000070b800000)
 Metaspace       used 69998K, capacity 71182K, committed 71424K, reserved 1112064K
  class space    used 8347K, capacity 8613K, committed 8704K, reserved 1048576K
Event: 303.359 GC heap after
Heap after GC invocations=13 (full 3):
 PSYoungGen      total 877056K, used 12947K [0x0000000780700000, 0x00000007b9600000, 0x00000007c0000000)
  eden space 862208K, 0% used [0x0000000780700000,0x0000000780700000,0x00000007b5100000)
  from space 14848K, 87% used [0x00000007b8780000,0x00000007b9424da0,0x00000007b9600000)
  to   space 35328K, 0% used [0x00000007b5100000,0x00000007b5100000,0x00000007b7380000)
 ParOldGen       total 167936K, used 68736K [0x0000000701400000, 0x000000070b800000, 0x0000000780700000)
  object space 167936K, 40% used [0x0000000701400000,0x0000000705720370,0x000000070b800000)
 Metaspace       used 69998K, capacity 71182K, committed 71424K, reserved 1112064K
  class space    used 8347K, capacity 8613K, committed 8704K, reserved 1048576K
}
Event: 303.359 GC heap before
{Heap before GC invocations=14 (full 4):
 PSYoungGen      total 877056K, used 12947K [0x0000000780700000, 0x00000007b9600000, 0x00000007c0000000)
  eden space 862208K, 0% used [0x0000000780700000,0x0000000780700000,0x00000007b5100000)
  from space 14848K, 87% used [0x00000007b8780000,0x00000007b9424da0,0x00000007b9600000)
  to   space 35328K, 0% used [0x00000007b5100000,0x00000007b5100000,0x00000007b7380000)
 ParOldGen       total 167936K, used 68736K [0x0000000701400000, 0x000000070b800000, 0x0000000780700000)
  object space 167936K, 40% used [0x0000000701400000,0x0000000705720370,0x000000070b800000)
 Metaspace       used 69998K, capacity 71182K, committed 71424K, reserved 1112064K
  class space    used 8347K, capacity 8613K, committed 8704K, reserved 1048576K
Event: 303.634 GC heap after
Heap after GC invocations=14 (full 4):
 PSYoungGen      total 877056K, used 0K [0x0000000780700000, 0x00000007b9600000, 0x00000007c0000000)
  eden space 862208K, 0% used [0x0000000780700000,0x0000000780700000,0x00000007b5100000)
  from space 14848K, 0% used [0x00000007b8780000,0x00000007b8780000,0x00000007b9600000)
  to   space 35328K, 0% used [0x00000007b5100000,0x00000007b5100000,0x00000007b7380000)
 ParOldGen       total 167936K, used 65145K [0x0000000701400000, 0x000000070b800000, 0x0000000780700000)
  object space 167936K, 38% used [0x0000000701400000,0x000000070539e638,0x000000070b800000)
 Metaspace       used 69997K, capacity 71176K, committed 71424K, reserved 1112064K
  class space    used 8347K, capacity 8612K, committed 8704K, reserved 1048576K
}

